mode: set
github.com/floatpane/matcha/backend/jmap/jmap.go:26.13,27.90 1 1
github.com/floatpane/matcha/backend/jmap/jmap.go:27.90,29.3 1 0
github.com/floatpane/matcha/backend/jmap/jmap.go:45.54,46.32 1 0
github.com/floatpane/matcha/backend/jmap/jmap.go:46.32,48.3 1 0
github.com/floatpane/matcha/backend/jmap/jmap.go:50.2,54.36 2 0
github.com/floatpane/matcha/backend/jmap/jmap.go:54.36,56.3 1 0
github.com/floatpane/matcha/backend/jmap/jmap.go:56.8,58.3 1 0
github.com/floatpane/matcha/backend/jmap/jmap.go:60.2,60.46 1 0
github.com/floatpane/matcha/backend/jmap/jmap.go:60.46,62.3 1 0
github.com/floatpane/matcha/backend/jmap/jmap.go:64.2,65.18 2 0
github.com/floatpane/matcha/backend/jmap/jmap.go:65.18,67.3 1 0
github.com/floatpane/matcha/backend/jmap/jmap.go:69.2,79.45 2 0
github.com/floatpane/matcha/backend/jmap/jmap.go:79.45,81.3 1 0
github.com/floatpane/matcha/backend/jmap/jmap.go:83.2,83.15 1 0
github.com/floatpane/matcha/backend/jmap/jmap.go:86.45,93.16 4 0
github.com/floatpane/matcha/backend/jmap/jmap.go:93.16,95.3 1 0
github.com/floatpane/matcha/backend/jmap/jmap.go:97.2,100.37 3 0
github.com/floatpane/matcha/backend/jmap/jmap.go:100.37,101.51 1 0
github.com/floatpane/matcha/backend/jmap/jmap.go:101.51,102.32 1 0
github.com/floatpane/matcha/backend/jmap/jmap.go:102.32,104.24 2 0
github.com/floatpane/matcha/backend/jmap/jmap.go:104.24,106.6 1 0
github.com/floatpane/matcha/backend/jmap/jmap.go:110.2,110.12 1 0
github.com/floatpane/matcha/backend/jmap/jmap.go:114.75,119.39 3 0
github.com/floatpane/matcha/backend/jmap/jmap.go:119.39,121.3 1 0
github.com/floatpane/matcha/backend/jmap/jmap.go:124.2,134.40 2 0
github.com/floatpane/matcha/backend/jmap/jmap.go:134.40,135.37 1 0
github.com/floatpane/matcha/backend/jmap/jmap.go:135.37,137.4 1 0
github.com/floatpane/matcha/backend/jmap/jmap.go:140.2,140.61 1 0
github.com/floatpane/matcha/backend/jmap/jmap.go:143.113,145.16 2 0
github.com/floatpane/matcha/backend/jmap/jmap.go:145.16,147.3 1 0
github.com/floatpane/matcha/backend/jmap/jmap.go:149.2,176.16 5 0
github.com/floatpane/matcha/backend/jmap/jmap.go:176.16,178.3 1 0
github.com/floatpane/matcha/backend/jmap/jmap.go:180.2,181.37 2 0
github.com/floatpane/matcha/backend/jmap/jmap.go:181.37,182.49 1 0
github.com/floatpane/matcha/backend/jmap/jmap.go:182.49,183.31 1 0
github.com/floatpane/matcha/backend/jmap/jmap.go:183.31,191.5 6 0
github.com/floatpane/matcha/backend/jmap/jmap.go:195.2,195.20 1 0
github.com/floatpane/matcha/backend/jmap/jmap.go:198.114,200.16 2 0
github.com/floatpane/matcha/backend/jmap/jmap.go:200.16,202.3 1 0
github.com/floatpane/matcha/backend/jmap/jmap.go:204.2,218.16 4 0
github.com/floatpane/matcha/backend/jmap/jmap.go:218.16,220.3 1 0
github.com/floatpane/matcha/backend/jmap/jmap.go:222.2,222.37 1 0
github.com/floatpane/matcha/backend/jmap/jmap.go:222.37,223.68 1 0
github.com/floatpane/matcha/backend/jmap/jmap.go:223.68,228.38 3 0
github.com/floatpane/matcha/backend/jmap/jmap.go:228.38,229.51 1 0
github.com/floatpane/matcha/backend/jmap/jmap.go:229.51,231.11 2 0
github.com/floatpane/matcha/backend/jmap/jmap.go:234.4,234.18 1 0
github.com/floatpane/matcha/backend/jmap/jmap.go:234.18,235.39 1 0
github.com/floatpane/matcha/backend/jmap/jmap.go:235.39,236.52 1 0
github.com/floatpane/matcha/backend/jmap/jmap.go:236.52,238.12 2 0
github.com/floatpane/matcha/backend/jmap/jmap.go:244.4,245.40 2 0
github.com/floatpane/matcha/backend/jmap/jmap.go:245.40,252.22 2 0
github.com/floatpane/matcha/backend/jmap/jmap.go:252.22,254.6 1 0
github.com/floatpane/matcha/backend/jmap/jmap.go:255.5,255.27 1 0
github.com/floatpane/matcha/backend/jmap/jmap.go:258.4,258.26 1 0
github.com/floatpane/matcha/backend/jmap/jmap.go:262.2,262.53 1 0
github.com/floatpane/matcha/backend/jmap/jmap.go:265.109,269.16 3 0
github.com/floatpane/matcha/backend/jmap/jmap.go:269.16,271.3 1 0
github.com/floatpane/matcha/backend/jmap/jmap.go:272.2,273.27 2 0
github.com/floatpane/matcha/backend/jmap/jmap.go:276.78,278.16 2 0
github.com/floatpane/matcha/backend/jmap/jmap.go:278.16,280.3 1 0
github.com/floatpane/matcha/backend/jmap/jmap.go:282.2,291.12 4 0
github.com/floatpane/matcha/backend/jmap/jmap.go:294.79,296.16 2 0
github.com/floatpane/matcha/backend/jmap/jmap.go:296.16,298.3 1 0
github.com/floatpane/matcha/backend/jmap/jmap.go:300.2,301.9 2 0
github.com/floatpane/matcha/backend/jmap/jmap.go:301.9,310.3 4 0
github.com/floatpane/matcha/backend/jmap/jmap.go:313.2,321.12 4 0
github.com/floatpane/matcha/backend/jmap/jmap.go:324.80,326.16 2 0
github.com/floatpane/matcha/backend/jmap/jmap.go:326.16,328.3 1 0
github.com/floatpane/matcha/backend/jmap/jmap.go:330.2,331.9 2 0
github.com/floatpane/matcha/backend/jmap/jmap.go:331.9,333.3 1 0
github.com/floatpane/matcha/backend/jmap/jmap.go:335.2,343.12 4 0
github.com/floatpane/matcha/backend/jmap/jmap.go:346.88,348.16 2 0
github.com/floatpane/matcha/backend/jmap/jmap.go:348.16,350.3 1 0
github.com/floatpane/matcha/backend/jmap/jmap.go:352.2,353.16 2 0
github.com/floatpane/matcha/backend/jmap/jmap.go:353.16,355.3 1 0
github.com/floatpane/matcha/backend/jmap/jmap.go:357.2,365.12 4 0
github.com/floatpane/matcha/backend/jmap/jmap.go:368.90,370.27 1 0
github.com/floatpane/matcha/backend/jmap/jmap.go:370.27,371.57 1 0
github.com/floatpane/matcha/backend/jmap/jmap.go:371.57,373.4 1 0
github.com/floatpane/matcha/backend/jmap/jmap.go:375.2,375.12 1 0
github.com/floatpane/matcha/backend/jmap/jmap.go:378.91,380.27 1 0
github.com/floatpane/matcha/backend/jmap/jmap.go:380.27,381.58 1 0
github.com/floatpane/matcha/backend/jmap/jmap.go:381.58,383.4 1 0
github.com/floatpane/matcha/backend/jmap/jmap.go:385.2,385.12 1 0
github.com/floatpane/matcha/backend/jmap/jmap.go:388.102,390.27 1 0
github.com/floatpane/matcha/backend/jmap/jmap.go:390.27,391.69 1 0
github.com/floatpane/matcha/backend/jmap/jmap.go:391.69,393.4 1 0
github.com/floatpane/matcha/backend/jmap/jmap.go:395.2,395.12 1 0
github.com/floatpane/matcha/backend/jmap/jmap.go:398.83,401.30 2 0
github.com/floatpane/matcha/backend/jmap/jmap.go:401.30,403.3 1 0
github.com/floatpane/matcha/backend/jmap/jmap.go:404.2,405.30 2 0
github.com/floatpane/matcha/backend/jmap/jmap.go:405.30,407.3 1 0
github.com/floatpane/matcha/backend/jmap/jmap.go:410.2,413.21 4 0
github.com/floatpane/matcha/backend/jmap/jmap.go:413.21,415.3 1 0
github.com/floatpane/matcha/backend/jmap/jmap.go:416.2,418.25 3 0
github.com/floatpane/matcha/backend/jmap/jmap.go:418.25,420.3 1 0
github.com/floatpane/matcha/backend/jmap/jmap.go:421.2,421.29 1 0
github.com/floatpane/matcha/backend/jmap/jmap.go:421.29,423.3 1 0
github.com/floatpane/matcha/backend/jmap/jmap.go:424.2,428.16 4 0
github.com/floatpane/matcha/backend/jmap/jmap.go:428.16,431.3 2 0
github.com/floatpane/matcha/backend/jmap/jmap.go:432.2,437.16 4 0
github.com/floatpane/matcha/backend/jmap/jmap.go:437.16,439.3 1 0
github.com/floatpane/matcha/backend/jmap/jmap.go:443.2,444.20 2 0
github.com/floatpane/matcha/backend/jmap/jmap.go:444.20,447.3 1 0
github.com/floatpane/matcha/backend/jmap/jmap.go:449.2,466.30 5 0
github.com/floatpane/matcha/backend/jmap/jmap.go:466.30,468.3 1 0
github.com/floatpane/matcha/backend/jmap/jmap.go:469.2,469.30 1 0
github.com/floatpane/matcha/backend/jmap/jmap.go:469.30,471.3 1 0
github.com/floatpane/matcha/backend/jmap/jmap.go:472.2,472.31 1 0
github.com/floatpane/matcha/backend/jmap/jmap.go:472.31,474.3 1 0
github.com/floatpane/matcha/backend/jmap/jmap.go:476.2,491.18 3 0
github.com/floatpane/matcha/backend/jmap/jmap.go:491.18,498.3 1 0
github.com/floatpane/matcha/backend/jmap/jmap.go:499.2,502.12 3 0
github.com/floatpane/matcha/backend/jmap/jmap.go:505.78,506.45 1 0
github.com/floatpane/matcha/backend/jmap/jmap.go:506.45,508.3 1 0
github.com/floatpane/matcha/backend/jmap/jmap.go:510.2,516.16 4 0
github.com/floatpane/matcha/backend/jmap/jmap.go:516.16,518.3 1 0
github.com/floatpane/matcha/backend/jmap/jmap.go:520.2,521.37 2 0
github.com/floatpane/matcha/backend/jmap/jmap.go:521.37,522.51 1 0
github.com/floatpane/matcha/backend/jmap/jmap.go:522.51,523.32 1 0
github.com/floatpane/matcha/backend/jmap/jmap.go:523.32,528.5 1 0
github.com/floatpane/matcha/backend/jmap/jmap.go:532.2,532.21 1 0
github.com/floatpane/matcha/backend/jmap/jmap.go:535.99,540.49 2 0
github.com/floatpane/matcha/backend/jmap/jmap.go:540.49,541.45 1 0
github.com/floatpane/matcha/backend/jmap/jmap.go:541.45,542.36 1 0
github.com/floatpane/matcha/backend/jmap/jmap.go:542.36,543.52 1 0
github.com/floatpane/matcha/backend/jmap/jmap.go:543.52,548.7 1 0
github.com/floatpane/matcha/backend/jmap/jmap.go:555.2,555.12 1 0
github.com/floatpane/matcha/backend/jmap/jmap.go:555.12,558.3 2 0
github.com/floatpane/matcha/backend/jmap/jmap.go:560.2,560.19 1 0
github.com/floatpane/matcha/backend/jmap/jmap.go:560.19,562.3 1 0
github.com/floatpane/matcha/backend/jmap/jmap.go:564.2,564.24 1 0
github.com/floatpane/matcha/backend/jmap/jmap.go:567.34,569.2 1 0
github.com/floatpane/matcha/backend/jmap/jmap.go:575.68,579.9 4 0
github.com/floatpane/matcha/backend/jmap/jmap.go:579.9,581.3 1 0
github.com/floatpane/matcha/backend/jmap/jmap.go:582.2,582.16 1 0
github.com/floatpane/matcha/backend/jmap/jmap.go:586.43,590.12 4 0
github.com/floatpane/matcha/backend/jmap/jmap.go:590.12,592.3 1 0
github.com/floatpane/matcha/backend/jmap/jmap.go:593.2,593.10 1 0
github.com/floatpane/matcha/backend/jmap/jmap.go:597.87,605.23 2 1
github.com/floatpane/matcha/backend/jmap/jmap.go:605.23,607.3 1 1
github.com/floatpane/matcha/backend/jmap/jmap.go:608.2,608.30 1 1
github.com/floatpane/matcha/backend/jmap/jmap.go:608.30,610.3 1 1
github.com/floatpane/matcha/backend/jmap/jmap.go:611.2,611.35 1 1
github.com/floatpane/matcha/backend/jmap/jmap.go:611.35,613.3 1 1
github.com/floatpane/matcha/backend/jmap/jmap.go:614.2,614.28 1 1
github.com/floatpane/matcha/backend/jmap/jmap.go:614.28,616.3 1 0
github.com/floatpane/matcha/backend/jmap/jmap.go:617.2,617.10 1 1
github.com/floatpane/matcha/backend/jmap/jmap.go:620.39,621.14 1 1
github.com/floatpane/matcha/backend/jmap/jmap.go:621.14,623.3 1 1
github.com/floatpane/matcha/backend/jmap/jmap.go:624.2,624.11 1 0
github.com/floatpane/matcha/backend/pop3/pop3.go:30.13,31.90 1 1
github.com/floatpane/matcha/backend/pop3/pop3.go:31.90,33.3 1 0
github.com/floatpane/matcha/backend/pop3/pop3.go:43.54,47.18 3 0
github.com/floatpane/matcha/backend/pop3/pop3.go:47.18,49.3 1 0
github.com/floatpane/matcha/backend/pop3/pop3.go:51.2,59.17 2 0
github.com/floatpane/matcha/backend/pop3/pop3.go:59.17,61.3 1 0
github.com/floatpane/matcha/backend/pop3/pop3.go:63.2,66.8 1 0
github.com/floatpane/matcha/backend/pop3/pop3.go:70.56,73.16 3 0
github.com/floatpane/matcha/backend/pop3/pop3.go:73.16,75.3 1 0
github.com/floatpane/matcha/backend/pop3/pop3.go:77.2,77.71 1 0
github.com/floatpane/matcha/backend/pop3/pop3.go:77.71,80.3 2 0
github.com/floatpane/matcha/backend/pop3/pop3.go:82.2,82.18 1 0
github.com/floatpane/matcha/backend/pop3/pop3.go:85.108,87.16 2 0
github.com/floatpane/matcha/backend/pop3/pop3.go:87.16,89.3 1 0
github.com/floatpane/matcha/backend/pop3/pop3.go:90.2,94.16 3 0
github.com/floatpane/matcha/backend/pop3/pop3.go:94.16,97.17 2 0
github.com/floatpane/matcha/backend/pop3/pop3.go:97.17,99.4 1 0
github.com/floatpane/matcha/backend/pop3/pop3.go:102.2,102.20 1 0
github.com/floatpane/matcha/backend/pop3/pop3.go:102.20,104.3 1 0
github.com/floatpane/matcha/backend/pop3/pop3.go:107.2,108.16 2 0
github.com/floatpane/matcha/backend/pop3/pop3.go:108.16,110.3 1 0
github.com/floatpane/matcha/backend/pop3/pop3.go:112.2,113.13 2 0
github.com/floatpane/matcha/backend/pop3/pop3.go:113.13,115.3 1 0
github.com/floatpane/matcha/backend/pop3/pop3.go:117.2,118.31 2 0
github.com/floatpane/matcha/backend/pop3/pop3.go:118.31,123.17 3 0
github.com/floatpane/matcha/backend/pop3/pop3.go:123.17,124.12 1 0
github.com/floatpane/matcha/backend/pop3/pop3.go:127.3,128.33 2 0
github.com/floatpane/matcha/backend/pop3/pop3.go:131.2,131.20 1 0
github.com/floatpane/matcha/backend/pop3/pop3.go:134.114,136.16 2 0
github.com/floatpane/matcha/backend/pop3/pop3.go:136.16,138.3 1 0
github.com/floatpane/matcha/backend/pop3/pop3.go:139.2,142.16 3 0
github.com/floatpane/matcha/backend/pop3/pop3.go:142.16,144.3 1 0
github.com/floatpane/matcha/backend/pop3/pop3.go:146.2,147.16 2 0
github.com/floatpane/matcha/backend/pop3/pop3.go:147.16,149.3 1 0
github.com/floatpane/matcha/backend/pop3/pop3.go:151.2,151.30 1 0
github.com/floatpane/matcha/backend/pop3/pop3.go:154.111,156.16 2 0
github.com/floatpane/matcha/backend/pop3/pop3.go:156.16,158.3 1 0
github.com/floatpane/matcha/backend/pop3/pop3.go:159.2,162.16 3 0
github.com/floatpane/matcha/backend/pop3/pop3.go:162.16,164.3 1 0
github.com/floatpane/matcha/backend/pop3/pop3.go:166.2,167.16 2 0
github.com/floatpane/matcha/backend/pop3/pop3.go:167.16,169.3 1 0
github.com/floatpane/matcha/backend/pop3/pop3.go:171.2,171.40 1 0
github.com/floatpane/matcha/backend/pop3/pop3.go:174.76,177.2 1 0
github.com/floatpane/matcha/backend/pop3/pop3.go:179.79,181.16 2 0
github.com/floatpane/matcha/backend/pop3/pop3.go:181.16,183.3 1 0
github.com/floatpane/matcha/backend/pop3/pop3.go:185.2,186.16 2 0
github.com/floatpane/matcha/backend/pop3/pop3.go:186.16,189.3 2 0
github.com/floatpane/matcha/backend/pop3/pop3.go:191.2,191.41 1 0
github.com/floatpane/matcha/backend/pop3/pop3.go:191.41,194.3 2 0
github.com/floatpane/matcha/backend/pop3/pop3.go:197.2,197.20 1 0
github.com/floatpane/matcha/backend/pop3/pop3.go:200.78,202.2 1 0
github.com/floatpane/matcha/backend/pop3/pop3.go:204.78,206.2 1 0
github.com/floatpane/matcha/backend/pop3/pop3.go:208.90,210.27 1 0
github.com/floatpane/matcha/backend/pop3/pop3.go:210.27,211.57 1 0
github.com/floatpane/matcha/backend/pop3/pop3.go:211.57,213.4 1 0
github.com/floatpane/matcha/backend/pop3/pop3.go:215.2,215.12 1 0
github.com/floatpane/matcha/backend/pop3/pop3.go:218.81,220.2 1 0
github.com/floatpane/matcha/backend/pop3/pop3.go:222.81,224.2 1 0
github.com/floatpane/matcha/backend/pop3/pop3.go:226.83,236.2 2 0
github.com/floatpane/matcha/backend/pop3/pop3.go:238.78,242.2 1 0
github.com/floatpane/matcha/backend/pop3/pop3.go:244.99,246.2 1 0
github.com/floatpane/matcha/backend/pop3/pop3.go:248.34,250.2 1 0
github.com/floatpane/matcha/backend/pop3/pop3.go:256.85,258.16 2 0
github.com/floatpane/matcha/backend/pop3/pop3.go:258.16,260.17 2 0
github.com/floatpane/matcha/backend/pop3/pop3.go:260.17,262.4 1 0
github.com/floatpane/matcha/backend/pop3/pop3.go:263.3,263.26 1 0
github.com/floatpane/matcha/backend/pop3/pop3.go:263.26,264.47 1 0
github.com/floatpane/matcha/backend/pop3/pop3.go:264.47,266.5 1 0
github.com/floatpane/matcha/backend/pop3/pop3.go:268.3,268.67 1 0
github.com/floatpane/matcha/backend/pop3/pop3.go:271.2,271.25 1 0
github.com/floatpane/matcha/backend/pop3/pop3.go:271.25,272.28 1 0
github.com/floatpane/matcha/backend/pop3/pop3.go:272.28,274.4 1 0
github.com/floatpane/matcha/backend/pop3/pop3.go:276.2,276.66 1 0
github.com/floatpane/matcha/backend/pop3/pop3.go:280.34,282.25 2 1
github.com/floatpane/matcha/backend/pop3/pop3.go:282.25,284.3 1 1
github.com/floatpane/matcha/backend/pop3/pop3.go:285.2,285.15 1 1
github.com/floatpane/matcha/backend/pop3/pop3.go:285.15,287.3 1 0
github.com/floatpane/matcha/backend/pop3/pop3.go:288.2,288.13 1 1
github.com/floatpane/matcha/backend/pop3/pop3.go:292.106,299.50 6 1
github.com/floatpane/matcha/backend/pop3/pop3.go:299.50,300.64 1 1
github.com/floatpane/matcha/backend/pop3/pop3.go:300.64,301.31 1 1
github.com/floatpane/matcha/backend/pop3/pop3.go:301.31,303.5 1 1
github.com/floatpane/matcha/backend/pop3/pop3.go:307.2,308.66 2 1
github.com/floatpane/matcha/backend/pop3/pop3.go:308.66,309.69 1 1
github.com/floatpane/matcha/backend/pop3/pop3.go:309.69,310.31 1 1
github.com/floatpane/matcha/backend/pop3/pop3.go:310.31,312.5 1 1
github.com/floatpane/matcha/backend/pop3/pop3.go:316.2,317.19 2 1
github.com/floatpane/matcha/backend/pop3/pop3.go:317.19,318.57 1 0
github.com/floatpane/matcha/backend/pop3/pop3.go:318.57,320.4 1 0
github.com/floatpane/matcha/backend/pop3/pop3.go:324.2,325.59 2 1
github.com/floatpane/matcha/backend/pop3/pop3.go:325.59,327.3 1 1
github.com/floatpane/matcha/backend/pop3/pop3.go:328.2,328.56 1 1
github.com/floatpane/matcha/backend/pop3/pop3.go:328.56,330.3 1 1
github.com/floatpane/matcha/backend/pop3/pop3.go:332.2,333.18 2 1
github.com/floatpane/matcha/backend/pop3/pop3.go:333.18,335.3 1 0
github.com/floatpane/matcha/backend/pop3/pop3.go:337.2,347.3 1 1
github.com/floatpane/matcha/backend/pop3/pop3.go:351.74,353.16 2 0
github.com/floatpane/matcha/backend/pop3/pop3.go:353.16,356.17 2 0
github.com/floatpane/matcha/backend/pop3/pop3.go:356.17,358.4 1 0
github.com/floatpane/matcha/backend/pop3/pop3.go:359.3,359.32 1 0
github.com/floatpane/matcha/backend/pop3/pop3.go:362.2,367.6 5 0
github.com/floatpane/matcha/backend/pop3/pop3.go:367.6,369.20 2 0
github.com/floatpane/matcha/backend/pop3/pop3.go:369.20,370.9 1 0
github.com/floatpane/matcha/backend/pop3/pop3.go:372.3,372.17 1 0
github.com/floatpane/matcha/backend/pop3/pop3.go:372.17,373.9 1 0
github.com/floatpane/matcha/backend/pop3/pop3.go:375.3,381.21 5 0
github.com/floatpane/matcha/backend/pop3/pop3.go:381.21,382.12 1 0
github.com/floatpane/matcha/backend/pop3/pop3.go:385.3,385.107 1 0
github.com/floatpane/matcha/backend/pop3/pop3.go:385.107,387.22 2 0
github.com/floatpane/matcha/backend/pop3/pop3.go:387.22,390.5 2 0
github.com/floatpane/matcha/backend/pop3/pop3.go:391.4,398.55 2 0
github.com/floatpane/matcha/backend/pop3/pop3.go:398.55,400.5 1 0
github.com/floatpane/matcha/backend/pop3/pop3.go:401.4,401.42 1 0
github.com/floatpane/matcha/backend/pop3/pop3.go:402.9,402.40 1 0
github.com/floatpane/matcha/backend/pop3/pop3.go:402.40,404.4 1 0
github.com/floatpane/matcha/backend/pop3/pop3.go:404.9,404.59 1 0
github.com/floatpane/matcha/backend/pop3/pop3.go:404.59,406.4 1 0
github.com/floatpane/matcha/backend/pop3/pop3.go:409.2,409.20 1 0
github.com/floatpane/matcha/backend/pop3/pop3.go:409.20,411.3 1 0
github.com/floatpane/matcha/backend/pop3/pop3.go:412.2,412.35 1 0
github.com/floatpane/matcha/backend/pop3/pop3.go:416.75,418.16 2 0
github.com/floatpane/matcha/backend/pop3/pop3.go:418.16,420.3 1 0
github.com/floatpane/matcha/backend/pop3/pop3.go:422.2,423.6 2 0
github.com/floatpane/matcha/backend/pop3/pop3.go:423.6,425.20 2 0
github.com/floatpane/matcha/backend/pop3/pop3.go:425.20,426.9 1 0
github.com/floatpane/matcha/backend/pop3/pop3.go:428.3,428.17 1 0
github.com/floatpane/matcha/backend/pop3/pop3.go:428.17,429.9 1 0
github.com/floatpane/matcha/backend/pop3/pop3.go:431.3,433.49 2 0
github.com/floatpane/matcha/backend/pop3/pop3.go:433.49,435.4 1 0
github.com/floatpane/matcha/backend/pop3/pop3.go:438.2,438.76 1 0
github.com/floatpane/matcha/calendar/calendar.go:26.44,28.16 2 1
github.com/floatpane/matcha/calendar/calendar.go:28.16,30.3 1 1
github.com/floatpane/matcha/calendar/calendar.go:32.2,33.22 2 1
github.com/floatpane/matcha/calendar/calendar.go:33.22,35.3 1 1
github.com/floatpane/matcha/calendar/calendar.go:37.2,49.46 9 1
github.com/floatpane/matcha/calendar/calendar.go:49.46,50.51 1 1
github.com/floatpane/matcha/calendar/calendar.go:50.51,52.9 2 1
github.com/floatpane/matcha/calendar/calendar.go:57.2,70.8 3 1
github.com/floatpane/matcha/calendar/calendar.go:79.84,83.16 2 1
github.com/floatpane/matcha/calendar/calendar.go:83.16,85.3 1 0
github.com/floatpane/matcha/calendar/calendar.go:88.2,92.38 3 1
github.com/floatpane/matcha/calendar/calendar.go:92.38,99.38 4 1
github.com/floatpane/matcha/calendar/calendar.go:99.38,101.96 2 1
github.com/floatpane/matcha/calendar/calendar.go:101.96,103.10 2 1
github.com/floatpane/matcha/calendar/calendar.go:108.3,111.29 2 1
github.com/floatpane/matcha/calendar/calendar.go:111.29,115.4 3 1
github.com/floatpane/matcha/calendar/calendar.go:115.9,123.43 2 0
github.com/floatpane/matcha/calendar/calendar.go:123.43,125.5 1 0
github.com/floatpane/matcha/calendar/calendar.go:129.2,129.37 1 1
github.com/floatpane/matcha/calendar/calendar.go:133.78,135.14 2 1
github.com/floatpane/matcha/calendar/calendar.go:135.14,137.3 1 0
github.com/floatpane/matcha/calendar/calendar.go:138.2,138.16 1 1
github.com/floatpane/matcha/calendar/calendar.go:142.93,144.14 2 1
github.com/floatpane/matcha/calendar/calendar.go:144.14,146.3 1 0
github.com/floatpane/matcha/calendar/calendar.go:148.2,150.47 3 1
github.com/floatpane/matcha/calendar/calendar.go:150.47,151.46 1 1
github.com/floatpane/matcha/calendar/calendar.go:151.46,153.4 1 0
github.com/floatpane/matcha/calendar/calendar.go:157.2,168.33 4 1
github.com/floatpane/matcha/calendar/calendar.go:168.33,170.17 2 1
github.com/floatpane/matcha/calendar/calendar.go:170.17,171.9 1 1
github.com/floatpane/matcha/calendar/calendar.go:175.2,175.16 1 1
github.com/floatpane/matcha/calendar/calendar.go:175.16,177.3 1 0
github.com/floatpane/matcha/calendar/calendar.go:180.2,180.50 1 1
github.com/floatpane/matcha/calendar/calendar.go:180.50,181.60 1 0
github.com/floatpane/matcha/calendar/calendar.go:181.60,183.4 1 0
github.com/floatpane/matcha/calendar/calendar.go:186.2,186.15 1 1
github.com/floatpane/matcha/calendar/calendar.go:190.41,196.49 3 1
github.com/floatpane/matcha/calendar/calendar.go:196.49,198.3 1 1
github.com/floatpane/matcha/calendar/calendar.go:200.2,200.33 1 1
github.com/floatpane/matcha/cli/config.go:11.37,13.18 2 0
github.com/floatpane/matcha/cli/config.go:13.18,15.3 1 0
github.com/floatpane/matcha/cli/config.go:17.2,18.16 2 0
github.com/floatpane/matcha/cli/config.go:18.16,20.3 1 0
github.com/floatpane/matcha/cli/config.go:22.2,23.20 2 0
github.com/floatpane/matcha/cli/config.go:23.20,25.3 1 0
github.com/floatpane/matcha/cli/config.go:25.8,28.35 2 0
github.com/floatpane/matcha/cli/config.go:28.35,30.4 1 0
github.com/floatpane/matcha/cli/config.go:31.3,31.69 1 0
github.com/floatpane/matcha/cli/config.go:34.2,34.51 1 0
github.com/floatpane/matcha/cli/config.go:34.51,36.3 1 0
github.com/floatpane/matcha/cli/config.go:38.2,42.18 5 0
github.com/floatpane/matcha/cli/contacts_export.go:16.45,22.39 5 0
github.com/floatpane/matcha/cli/contacts_export.go:22.39,24.3 1 0
github.com/floatpane/matcha/cli/contacts_export.go:26.2,26.11 1 0
github.com/floatpane/matcha/cli/contacts_export.go:26.11,39.3 12 0
github.com/floatpane/matcha/cli/contacts_export.go:41.2,42.47 2 0
github.com/floatpane/matcha/cli/contacts_export.go:42.47,44.3 1 0
github.com/floatpane/matcha/cli/contacts_export.go:46.2,46.46 1 0
github.com/floatpane/matcha/cli/contacts_export.go:49.57,53.34 3 0
github.com/floatpane/matcha/cli/contacts_export.go:53.34,55.17 2 0
github.com/floatpane/matcha/cli/contacts_export.go:55.17,57.4 1 0
github.com/floatpane/matcha/cli/contacts_export.go:59.3,60.17 2 0
github.com/floatpane/matcha/cli/contacts_export.go:60.17,62.4 1 0
github.com/floatpane/matcha/cli/contacts_export.go:64.3,64.28 1 0
github.com/floatpane/matcha/cli/contacts_export.go:67.2,68.16 2 0
github.com/floatpane/matcha/cli/contacts_export.go:68.16,70.21 2 0
github.com/floatpane/matcha/cli/contacts_export.go:70.21,72.4 1 0
github.com/floatpane/matcha/cli/contacts_export.go:73.3,73.60 1 0
github.com/floatpane/matcha/cli/contacts_export.go:76.2,78.24 2 0
github.com/floatpane/matcha/cli/contacts_export.go:78.24,81.3 2 0
github.com/floatpane/matcha/cli/contacts_export.go:83.2,84.22 2 0
github.com/floatpane/matcha/cli/contacts_export.go:84.22,86.17 2 0
github.com/floatpane/matcha/cli/contacts_export.go:86.17,88.4 1 0
github.com/floatpane/matcha/cli/contacts_export.go:89.8,91.17 2 0
github.com/floatpane/matcha/cli/contacts_export.go:91.17,93.4 1 0
github.com/floatpane/matcha/cli/contacts_export.go:96.2,96.22 1 0
github.com/floatpane/matcha/cli/contacts_export.go:96.22,98.17 2 0
github.com/floatpane/matcha/cli/contacts_export.go:98.17,99.49 1 0
github.com/floatpane/matcha/cli/contacts_export.go:99.49,101.5 1 0
github.com/floatpane/matcha/cli/contacts_export.go:103.3,103.68 1 0
github.com/floatpane/matcha/cli/contacts_export.go:103.68,105.4 1 0
github.com/floatpane/matcha/cli/contacts_export.go:106.3,106.84 1 0
github.com/floatpane/matcha/cli/contacts_export.go:107.8,109.3 1 0
github.com/floatpane/matcha/cli/contacts_export.go:111.2,111.12 1 0
github.com/floatpane/matcha/cli/contacts_export.go:114.62,116.2 1 1
github.com/floatpane/matcha/cli/contacts_export.go:118.61,122.90 3 1
github.com/floatpane/matcha/cli/contacts_export.go:122.90,124.3 1 0
github.com/floatpane/matcha/cli/contacts_export.go:126.2,126.29 1 1
github.com/floatpane/matcha/cli/contacts_export.go:126.29,133.46 2 1
github.com/floatpane/matcha/cli/contacts_export.go:133.46,135.4 1 0
github.com/floatpane/matcha/cli/contacts_export.go:138.2,139.45 2 1
github.com/floatpane/matcha/cli/contacts_export.go:142.33,143.34 1 1
github.com/floatpane/matcha/cli/contacts_export.go:143.34,145.3 1 1
github.com/floatpane/matcha/cli/contacts_export.go:146.2,146.10 1 1
github.com/floatpane/matcha/cli/contacts_export.go:149.42,152.2 2 0
github.com/floatpane/matcha/cli/contacts_export.go:154.37,158.16 4 0
github.com/floatpane/matcha/cli/contacts_export.go:158.16,160.3 1 0
github.com/floatpane/matcha/cli/contacts_export.go:161.2,161.30 1 0
github.com/floatpane/matcha/cli/install.go:14.38,15.20 1 0
github.com/floatpane/matcha/cli/install.go:15.20,17.3 1 0
github.com/floatpane/matcha/cli/install.go:19.2,23.83 4 0
github.com/floatpane/matcha/cli/install.go:23.83,27.17 3 0
github.com/floatpane/matcha/cli/install.go:27.17,29.4 1 0
github.com/floatpane/matcha/cli/install.go:30.3,32.39 2 0
github.com/floatpane/matcha/cli/install.go:32.39,34.4 1 0
github.com/floatpane/matcha/cli/install.go:36.3,37.17 2 0
github.com/floatpane/matcha/cli/install.go:37.17,39.4 1 0
github.com/floatpane/matcha/cli/install.go:42.3,43.33 2 0
github.com/floatpane/matcha/cli/install.go:44.8,48.17 3 0
github.com/floatpane/matcha/cli/install.go:48.17,50.4 1 0
github.com/floatpane/matcha/cli/install.go:51.3,51.35 1 0
github.com/floatpane/matcha/cli/install.go:54.2,54.42 1 0
github.com/floatpane/matcha/cli/install.go:54.42,56.3 1 0
github.com/floatpane/matcha/cli/install.go:58.2,59.16 2 0
github.com/floatpane/matcha/cli/install.go:59.16,61.3 1 0
github.com/floatpane/matcha/cli/install.go:63.2,64.55 2 0
github.com/floatpane/matcha/cli/install.go:64.55,66.3 1 0
github.com/floatpane/matcha/cli/install.go:68.2,69.12 2 0
github.com/floatpane/matcha/cli/install.go:72.35,74.16 2 0
github.com/floatpane/matcha/cli/install.go:74.16,76.3 1 0
github.com/floatpane/matcha/cli/install.go:77.2,78.47 2 0
github.com/floatpane/matcha/cli/install.go:78.47,80.3 1 0
github.com/floatpane/matcha/cli/install.go:81.2,81.17 1 0
github.com/floatpane/matcha/clib/base64wrap.go:14.37,15.20 1 1
github.com/floatpane/matcha/clib/base64wrap.go:15.20,17.3 1 1
github.com/floatpane/matcha/clib/base64wrap.go:19.2,24.19 5 1
github.com/floatpane/matcha/clib/base64wrap.go:24.19,26.3 1 0
github.com/floatpane/matcha/clib/base64wrap.go:27.2,29.43 2 1
github.com/floatpane/matcha/clib/htmlconv.go:14.56,15.20 1 0
github.com/floatpane/matcha/clib/htmlconv.go:15.20,17.3 1 0
github.com/floatpane/matcha/clib/htmlconv.go:19.2,23.20 4 0
github.com/floatpane/matcha/clib/htmlconv.go:23.20,25.3 1 0
github.com/floatpane/matcha/clib/htmlconv.go:26.2,29.16 3 0
github.com/floatpane/matcha/clib/htmlconv.go:29.16,31.3 1 0
github.com/floatpane/matcha/clib/htmlconv.go:33.2,38.29 3 0
github.com/floatpane/matcha/clib/htmlconv.go:38.29,43.21 3 0
github.com/floatpane/matcha/clib/htmlconv.go:43.21,45.4 1 0
github.com/floatpane/matcha/clib/htmlconv.go:46.3,46.22 1 0
github.com/floatpane/matcha/clib/htmlconv.go:46.22,48.4 1 0
github.com/floatpane/matcha/clib/htmlconv.go:49.3,49.22 1 0
github.com/floatpane/matcha/clib/htmlconv.go:49.22,51.4 1 0
github.com/floatpane/matcha/clib/htmlconv.go:54.2,54.23 1 0
github.com/floatpane/matcha/clib/imgconv.go:17.58,18.20 1 1
github.com/floatpane/matcha/clib/imgconv.go:18.20,20.3 1 1
github.com/floatpane/matcha/clib/imgconv.go:22.2,26.20 4 1
github.com/floatpane/matcha/clib/imgconv.go:26.20,28.3 1 1
github.com/floatpane/matcha/clib/imgconv.go:29.2,37.9 3 1
github.com/floatpane/matcha/clib/imgconv.go:43.64,44.20 1 1
github.com/floatpane/matcha/clib/imgconv.go:44.20,46.3 1 1
github.com/floatpane/matcha/clib/imgconv.go:48.2,53.14 5 1
github.com/floatpane/matcha/clib/imgconv.go:53.14,55.3 1 1
github.com/floatpane/matcha/clib/imgconv.go:56.2,56.31 1 1
github.com/floatpane/matcha/clib/markdown.go:63.39,64.18 1 0
github.com/floatpane/matcha/clib/markdown.go:64.18,66.3 1 0
github.com/floatpane/matcha/clib/markdown.go:68.2,73.19 5 0
github.com/floatpane/matcha/clib/markdown.go:73.19,75.3 1 0
github.com/floatpane/matcha/clib/markdown.go:76.2,78.57 2 0
github.com/floatpane/matcha/daemonclient/client.go:24.30,27.16 3 0
github.com/floatpane/matcha/daemonclient/client.go:27.16,29.3 1 0
github.com/floatpane/matcha/daemonclient/client.go:31.2,39.15 3 0
github.com/floatpane/matcha/daemonclient/client.go:43.84,48.19 3 1
github.com/floatpane/matcha/daemonclient/client.go:48.19,51.17 3 0
github.com/floatpane/matcha/daemonclient/client.go:51.17,53.4 1 0
github.com/floatpane/matcha/daemonclient/client.go:57.2,62.15 5 1
github.com/floatpane/matcha/daemonclient/client.go:62.15,66.3 3 1
github.com/floatpane/matcha/daemonclient/client.go:69.2,74.41 2 1
github.com/floatpane/matcha/daemonclient/client.go:74.41,76.3 1 0
github.com/floatpane/matcha/daemonclient/client.go:79.2,79.9 1 1
github.com/floatpane/matcha/daemonclient/client.go:80.20,81.24 1 1
github.com/floatpane/matcha/daemonclient/client.go:81.24,83.4 1 1
github.com/floatpane/matcha/daemonclient/client.go:84.3,84.42 1 1
github.com/floatpane/matcha/daemonclient/client.go:84.42,86.4 1 1
github.com/floatpane/matcha/daemonclient/client.go:87.3,87.13 1 0
github.com/floatpane/matcha/daemonclient/client.go:88.16,89.41 1 0
github.com/floatpane/matcha/daemonclient/client.go:94.51,96.2 1 1
github.com/floatpane/matcha/daemonclient/client.go:99.32,100.9 1 1
github.com/floatpane/matcha/daemonclient/client.go:101.16,102.13 1 0
github.com/floatpane/matcha/daemonclient/client.go:103.10,104.16 1 1
github.com/floatpane/matcha/daemonclient/client.go:106.2,106.23 1 1
github.com/floatpane/matcha/daemonclient/client.go:110.29,113.6 2 1
github.com/floatpane/matcha/daemonclient/client.go:113.6,115.17 2 1
github.com/floatpane/matcha/daemonclient/client.go:115.17,116.11 1 1
github.com/floatpane/matcha/daemonclient/client.go:117.18,117.18 0 1
github.com/floatpane/matcha/daemonclient/client.go:118.12,119.18 1 0
github.com/floatpane/matcha/daemonclient/client.go:121.4,121.10 1 1
github.com/floatpane/matcha/daemonclient/client.go:124.3,124.26 1 1
github.com/floatpane/matcha/daemonclient/client.go:124.26,128.10 4 1
github.com/floatpane/matcha/daemonclient/client.go:128.10,130.5 1 1
github.com/floatpane/matcha/daemonclient/client.go:133.3,133.23 1 1
github.com/floatpane/matcha/daemonclient/client.go:133.23,134.11 1 1
github.com/floatpane/matcha/daemonclient/client.go:135.31,135.31 0 1
github.com/floatpane/matcha/daemonclient/client.go:136.12,136.12 0 0
github.com/floatpane/matcha/daemonclient/client.go:144.31,147.2 2 1
github.com/floatpane/matcha/daemonclient/client.go:150.60,152.72 2 1
github.com/floatpane/matcha/daemonclient/client.go:152.72,154.3 1 0
github.com/floatpane/matcha/daemonclient/client.go:155.2,155.21 1 1
github.com/floatpane/matcha/daemonclient/procattr_unix.go:8.44,12.2 1 0
github.com/floatpane/matcha/daemonclient/service.go:35.45,37.37 1 0
github.com/floatpane/matcha/daemonclient/service.go:37.37,39.3 1 0
github.com/floatpane/matcha/daemonclient/service.go:42.2,43.42 2 0
github.com/floatpane/matcha/daemonclient/service.go:43.42,46.3 2 0
github.com/floatpane/matcha/daemonclient/service.go:49.2,49.26 1 0
github.com/floatpane/matcha/daemonclient/service.go:49.26,51.38 2 0
github.com/floatpane/matcha/daemonclient/service.go:51.38,54.4 2 0
github.com/floatpane/matcha/daemonclient/service.go:57.2,58.30 2 0
github.com/floatpane/matcha/daemonclient/service.go:61.34,63.16 2 0
github.com/floatpane/matcha/daemonclient/service.go:63.16,65.3 1 0
github.com/floatpane/matcha/daemonclient/service.go:66.2,66.38 1 0
github.com/floatpane/matcha/daemonclient/service.go:66.38,69.3 2 0
github.com/floatpane/matcha/daemonclient/service.go:70.2,70.39 1 0
github.com/floatpane/matcha/daemonclient/service.go:73.30,75.16 2 0
github.com/floatpane/matcha/daemonclient/service.go:75.16,77.3 1 0
github.com/floatpane/matcha/daemonclient/service.go:79.2,85.20 6 0
github.com/floatpane/matcha/daemonclient/service.go:93.110,102.2 3 0
github.com/floatpane/matcha/daemonclient/service.go:104.116,111.16 3 0
github.com/floatpane/matcha/daemonclient/service.go:111.16,113.3 1 0
github.com/floatpane/matcha/daemonclient/service.go:115.2,116.39 2 0
github.com/floatpane/matcha/daemonclient/service.go:116.39,123.3 1 0
github.com/floatpane/matcha/daemonclient/service.go:124.2,124.38 1 0
github.com/floatpane/matcha/daemonclient/service.go:127.85,133.2 1 0
github.com/floatpane/matcha/daemonclient/service.go:135.86,141.2 1 0
github.com/floatpane/matcha/daemonclient/service.go:143.92,150.2 1 0
github.com/floatpane/matcha/daemonclient/service.go:152.81,159.2 1 0
github.com/floatpane/matcha/daemonclient/service.go:161.82,167.2 3 0
github.com/floatpane/matcha/daemonclient/service.go:169.71,174.2 1 0
github.com/floatpane/matcha/daemonclient/service.go:176.67,181.2 1 0
github.com/floatpane/matcha/daemonclient/service.go:183.69,188.2 1 0
github.com/floatpane/matcha/daemonclient/service.go:190.58,192.2 1 0
github.com/floatpane/matcha/daemonclient/service.go:194.41,194.56 1 0
github.com/floatpane/matcha/daemonclient/service.go:196.39,198.2 1 0
github.com/floatpane/matcha/daemonclient/service.go:208.58,216.2 3 0
github.com/floatpane/matcha/daemonclient/service.go:218.41,219.32 1 0
github.com/floatpane/matcha/daemonclient/service.go:219.32,221.40 2 0
github.com/floatpane/matcha/daemonclient/service.go:221.40,222.12 1 0
github.com/floatpane/matcha/daemonclient/service.go:224.3,225.17 2 0
github.com/floatpane/matcha/daemonclient/service.go:225.17,227.12 2 0
github.com/floatpane/matcha/daemonclient/service.go:229.3,229.27 1 0
github.com/floatpane/matcha/daemonclient/service.go:233.81,235.9 2 0
github.com/floatpane/matcha/daemonclient/service.go:235.9,237.3 1 0
github.com/floatpane/matcha/daemonclient/service.go:238.2,238.15 1 0
github.com/floatpane/matcha/daemonclient/service.go:241.110,243.16 2 0
github.com/floatpane/matcha/daemonclient/service.go:243.16,245.3 1 0
github.com/floatpane/matcha/daemonclient/service.go:246.2,246.67 1 0
github.com/floatpane/matcha/daemonclient/service.go:249.116,251.16 2 0
github.com/floatpane/matcha/daemonclient/service.go:251.16,253.3 1 0
github.com/floatpane/matcha/daemonclient/service.go:254.2,254.60 1 0
github.com/floatpane/matcha/daemonclient/service.go:257.85,259.16 2 0
github.com/floatpane/matcha/daemonclient/service.go:259.16,261.3 1 0
github.com/floatpane/matcha/daemonclient/service.go:262.2,262.59 1 0
github.com/floatpane/matcha/daemonclient/service.go:265.86,267.16 2 0
github.com/floatpane/matcha/daemonclient/service.go:267.16,269.3 1 0
github.com/floatpane/matcha/daemonclient/service.go:270.2,270.60 1 0
github.com/floatpane/matcha/daemonclient/service.go:273.92,275.16 2 0
github.com/floatpane/matcha/daemonclient/service.go:275.16,277.3 1 0
github.com/floatpane/matcha/daemonclient/service.go:278.2,278.59 1 0
github.com/floatpane/matcha/daemonclient/service.go:281.81,283.16 2 0
github.com/floatpane/matcha/daemonclient/service.go:283.16,285.3 1 0
github.com/floatpane/matcha/daemonclient/service.go:286.2,286.27 1 0
github.com/floatpane/matcha/daemonclient/service.go:286.27,287.73 1 0
github.com/floatpane/matcha/daemonclient/service.go:287.73,289.4 1 0
github.com/floatpane/matcha/daemonclient/service.go:291.2,291.12 1 0
github.com/floatpane/matcha/daemonclient/service.go:294.82,296.16 2 0
github.com/floatpane/matcha/daemonclient/service.go:296.16,298.3 1 0
github.com/floatpane/matcha/daemonclient/service.go:299.2,299.45 1 0
github.com/floatpane/matcha/daemonclient/service.go:302.58,305.2 1 0
github.com/floatpane/matcha/daemonclient/service.go:307.54,310.2 1 0
github.com/floatpane/matcha/daemonclient/service.go:312.56,314.2 1 0
github.com/floatpane/matcha/daemonclient/service.go:316.58,318.2 1 0
github.com/floatpane/matcha/daemonclient/service.go:320.41,320.57 1 0
github.com/floatpane/matcha/daemonclient/service.go:322.39,323.32 1 0
github.com/floatpane/matcha/daemonclient/service.go:323.32,325.3 1 0
github.com/floatpane/matcha/daemonclient/service.go:326.2,327.12 2 0
github.com/floatpane/matcha/daemon/daemon.go:51.38,63.2 2 0
github.com/floatpane/matcha/daemon/daemon.go:67.30,71.53 2 0
github.com/floatpane/matcha/daemon/daemon.go:71.53,73.3 1 0
github.com/floatpane/matcha/daemon/daemon.go:76.2,77.49 2 0
github.com/floatpane/matcha/daemon/daemon.go:77.49,79.3 1 0
github.com/floatpane/matcha/daemon/daemon.go:82.2,82.42 1 0
github.com/floatpane/matcha/daemon/daemon.go:82.42,84.3 1 0
github.com/floatpane/matcha/daemon/daemon.go:85.2,94.16 6 0
github.com/floatpane/matcha/daemon/daemon.go:94.16,96.3 1 0
github.com/floatpane/matcha/daemon/daemon.go:97.2,134.12 20 0
github.com/floatpane/matcha/daemon/daemon.go:138.29,139.9 1 0
github.com/floatpane/matcha/daemon/daemon.go:140.20,140.20 0 0
github.com/floatpane/matcha/daemon/daemon.go:142.10,143.20 1 0
github.com/floatpane/matcha/daemon/daemon.go:148.39,150.16 2 0
github.com/floatpane/matcha/daemon/daemon.go:150.16,152.3 1 0
github.com/floatpane/matcha/daemon/daemon.go:153.2,164.12 7 0
github.com/floatpane/matcha/daemon/daemon.go:167.34,171.35 3 0
github.com/floatpane/matcha/daemon/daemon.go:171.35,173.48 2 0
github.com/floatpane/matcha/daemon/daemon.go:173.48,174.12 1 0
github.com/floatpane/matcha/daemon/daemon.go:176.3,177.17 2 0
github.com/floatpane/matcha/daemon/daemon.go:177.17,179.12 2 0
github.com/floatpane/matcha/daemon/daemon.go:181.3,182.78 2 0
github.com/floatpane/matcha/daemon/daemon.go:186.31,187.6 1 0
github.com/floatpane/matcha/daemon/daemon.go:187.6,189.17 2 0
github.com/floatpane/matcha/daemon/daemon.go:189.17,190.11 1 0
github.com/floatpane/matcha/daemon/daemon.go:191.22,192.11 1 0
github.com/floatpane/matcha/daemon/daemon.go:193.12,195.13 2 0
github.com/floatpane/matcha/daemon/daemon.go:198.3,200.29 3 0
github.com/floatpane/matcha/daemon/daemon.go:204.53,208.6 3 0
github.com/floatpane/matcha/daemon/daemon.go:208.6,210.17 2 0
github.com/floatpane/matcha/daemon/daemon.go:210.17,213.4 1 0
github.com/floatpane/matcha/daemon/daemon.go:214.3,214.25 1 0
github.com/floatpane/matcha/daemon/daemon.go:214.25,216.4 1 0
github.com/floatpane/matcha/daemon/daemon.go:220.50,225.2 4 0
github.com/floatpane/matcha/daemon/daemon.go:227.53,237.2 7 0
github.com/floatpane/matcha/daemon/daemon.go:239.36,242.30 3 0
github.com/floatpane/matcha/daemon/daemon.go:242.30,244.3 1 0
github.com/floatpane/matcha/daemon/daemon.go:245.2,245.48 1 0
github.com/floatpane/matcha/daemon/daemon.go:248.35,251.33 3 0
github.com/floatpane/matcha/daemon/daemon.go:251.33,252.35 1 0
github.com/floatpane/matcha/daemon/daemon.go:252.35,254.4 1 0
github.com/floatpane/matcha/daemon/daemon.go:259.69,262.30 3 1
github.com/floatpane/matcha/daemon/daemon.go:262.30,263.57 1 1
github.com/floatpane/matcha/daemon/daemon.go:263.57,265.4 1 0
github.com/floatpane/matcha/daemon/daemon.go:270.96,275.42 4 0
github.com/floatpane/matcha/daemon/daemon.go:275.42,276.29 1 0
github.com/floatpane/matcha/daemon/daemon.go:276.29,277.58 1 0
github.com/floatpane/matcha/daemon/daemon.go:277.58,279.5 1 0
github.com/floatpane/matcha/daemon/daemon.go:285.74,289.9 4 0
github.com/floatpane/matcha/daemon/daemon.go:289.9,291.3 1 0
github.com/floatpane/matcha/daemon/daemon.go:292.2,292.15 1 0
github.com/floatpane/matcha/daemon/daemon.go:296.63,300.2 3 0
github.com/floatpane/matcha/daemon/daemon.go:303.54,307.6 3 0
github.com/floatpane/matcha/daemon/daemon.go:307.6,308.10 1 0
github.com/floatpane/matcha/daemon/daemon.go:309.21,310.10 1 0
github.com/floatpane/matcha/daemon/daemon.go:311.19,312.26 1 0
github.com/floatpane/matcha/daemon/daemon.go:317.55,323.32 5 0
github.com/floatpane/matcha/daemon/daemon.go:323.32,324.10 1 0
github.com/floatpane/matcha/daemon/daemon.go:325.21,326.10 1 0
github.com/floatpane/matcha/daemon/daemon.go:327.11,327.11 0 0
github.com/floatpane/matcha/daemon/daemon.go:330.3,336.17 3 0
github.com/floatpane/matcha/daemon/daemon.go:336.17,337.12 1 0
github.com/floatpane/matcha/daemon/daemon.go:340.3,341.17 2 0
github.com/floatpane/matcha/daemon/daemon.go:341.17,348.12 3 0
github.com/floatpane/matcha/daemon/daemon.go:352.3,353.28 2 0
github.com/floatpane/matcha/daemon/daemon.go:353.28,364.4 1 0
github.com/floatpane/matcha/daemon/daemon.go:365.3,365.71 1 0
github.com/floatpane/matcha/daemon/daemon.go:365.71,367.4 1 0
github.com/floatpane/matcha/daemon/daemon.go:369.3,380.35 5 0
github.com/floatpane/matcha/daemon/daemon.go:380.35,381.38 1 0
github.com/floatpane/matcha/daemon/daemon.go:381.38,383.5 1 0
github.com/floatpane/matcha/daemon/daemon.go:389.38,393.35 3 0
github.com/floatpane/matcha/daemon/daemon.go:393.35,397.21 3 0
github.com/floatpane/matcha/daemon/daemon.go:397.21,399.4 1 0
github.com/floatpane/matcha/daemon/daemon.go:400.3,400.25 1 0
github.com/floatpane/matcha/daemon/daemon.go:400.25,401.12 1 0
github.com/floatpane/matcha/daemon/daemon.go:403.3,404.64 2 0
github.com/floatpane/matcha/daemon/daemon.go:409.34,410.6 1 0
github.com/floatpane/matcha/daemon/daemon.go:410.6,411.10 1 0
github.com/floatpane/matcha/daemon/daemon.go:412.21,413.10 1 0
github.com/floatpane/matcha/daemon/daemon.go:414.38,415.11 1 0
github.com/floatpane/matcha/daemon/daemon.go:415.11,417.5 1 0
github.com/floatpane/matcha/daemon/daemon.go:418.4,425.51 5 0
github.com/floatpane/matcha/daemon/daemon.go:425.51,427.71 2 0
github.com/floatpane/matcha/daemon/daemon.go:427.71,429.6 1 0
github.com/floatpane/matcha/daemon/daemon.go:430.5,430.97 1 0
github.com/floatpane/matcha/daemon/daemon.go:434.4,440.59 2 0
github.com/floatpane/matcha/daemon/daemon.go:446.58,448.17 2 0
github.com/floatpane/matcha/daemon/daemon.go:448.17,450.3 1 0
github.com/floatpane/matcha/daemon/daemon.go:452.2,453.16 2 0
github.com/floatpane/matcha/daemon/daemon.go:453.16,456.3 2 0
github.com/floatpane/matcha/daemon/daemon.go:459.2,460.27 2 0
github.com/floatpane/matcha/daemon/daemon.go:460.27,471.3 1 0
github.com/floatpane/matcha/daemon/daemon.go:473.2,473.71 1 0
github.com/floatpane/matcha/daemon/daemon.go:473.71,476.3 2 0
github.com/floatpane/matcha/daemon/daemon.go:478.2,485.4 2 0
github.com/floatpane/matcha/daemon/daemon.go:489.104,498.29 5 0
github.com/floatpane/matcha/daemon/daemon.go:498.29,499.31 1 0
github.com/floatpane/matcha/daemon/daemon.go:499.31,501.4 1 0
github.com/floatpane/matcha/daemon/daemon.go:505.2,508.41 2 0
github.com/floatpane/matcha/daemon/daemon.go:508.41,510.3 1 0
github.com/floatpane/matcha/daemon/daemon.go:513.2,513.56 1 0
github.com/floatpane/matcha/daemon/handler.go:14.78,15.20 1 1
github.com/floatpane/matcha/daemon/handler.go:16.28,17.26 1 1
github.com/floatpane/matcha/daemon/handler.go:18.33,19.31 1 1
github.com/floatpane/matcha/daemon/handler.go:20.35,21.33 1 0
github.com/floatpane/matcha/daemon/handler.go:22.36,23.34 1 0
github.com/floatpane/matcha/daemon/handler.go:24.35,25.33 1 0
github.com/floatpane/matcha/daemon/handler.go:26.38,27.36 1 0
github.com/floatpane/matcha/daemon/handler.go:28.36,29.34 1 0
github.com/floatpane/matcha/daemon/handler.go:30.37,31.35 1 0
github.com/floatpane/matcha/daemon/handler.go:32.34,33.32 1 0
github.com/floatpane/matcha/daemon/handler.go:34.32,35.30 1 0
github.com/floatpane/matcha/daemon/handler.go:36.36,37.34 1 0
github.com/floatpane/matcha/daemon/handler.go:38.37,39.35 1 0
github.com/floatpane/matcha/daemon/handler.go:40.33,41.31 1 1
github.com/floatpane/matcha/daemon/handler.go:42.35,43.33 1 0
github.com/floatpane/matcha/daemon/handler.go:44.10,45.99 1 1
github.com/floatpane/matcha/daemon/handler.go:49.61,51.23 2 1
github.com/floatpane/matcha/daemon/handler.go:51.23,52.61 1 1
github.com/floatpane/matcha/daemon/handler.go:52.61,54.4 1 0
github.com/floatpane/matcha/daemon/handler.go:56.2,56.20 1 1
github.com/floatpane/matcha/daemon/handler.go:59.75,61.2 1 1
github.com/floatpane/matcha/daemon/handler.go:63.80,66.41 3 1
github.com/floatpane/matcha/daemon/handler.go:66.41,68.3 1 0
github.com/floatpane/matcha/daemon/handler.go:69.2,76.4 2 1
github.com/floatpane/matcha/daemon/handler.go:79.82,84.41 4 0
github.com/floatpane/matcha/daemon/handler.go:84.41,86.21 2 0
github.com/floatpane/matcha/daemon/handler.go:86.21,88.4 1 0
github.com/floatpane/matcha/daemon/handler.go:89.3,94.5 1 0
github.com/floatpane/matcha/daemon/handler.go:96.2,96.34 1 0
github.com/floatpane/matcha/daemon/handler.go:99.83,100.41 1 0
github.com/floatpane/matcha/daemon/handler.go:100.41,103.3 2 0
github.com/floatpane/matcha/daemon/handler.go:104.2,104.33 1 0
github.com/floatpane/matcha/daemon/handler.go:107.82,109.16 2 0
github.com/floatpane/matcha/daemon/handler.go:109.16,112.3 2 0
github.com/floatpane/matcha/daemon/handler.go:114.2,115.16 2 0
github.com/floatpane/matcha/daemon/handler.go:115.16,118.3 2 0
github.com/floatpane/matcha/daemon/handler.go:120.2,124.16 4 0
github.com/floatpane/matcha/daemon/handler.go:124.16,127.3 2 0
github.com/floatpane/matcha/daemon/handler.go:129.2,129.35 1 0
github.com/floatpane/matcha/daemon/handler.go:132.85,134.16 2 0
github.com/floatpane/matcha/daemon/handler.go:134.16,137.3 2 0
github.com/floatpane/matcha/daemon/handler.go:139.2,140.16 2 0
github.com/floatpane/matcha/daemon/handler.go:140.16,143.3 2 0
github.com/floatpane/matcha/daemon/handler.go:145.2,149.16 4 0
github.com/floatpane/matcha/daemon/handler.go:149.16,152.3 2 0
github.com/floatpane/matcha/daemon/handler.go:155.2,156.34 2 0
github.com/floatpane/matcha/daemon/handler.go:156.34,163.3 1 0
github.com/floatpane/matcha/daemon/handler.go:165.2,168.4 1 0
github.com/floatpane/matcha/daemon/handler.go:171.83,173.16 2 0
github.com/floatpane/matcha/daemon/handler.go:173.16,176.3 2 0
github.com/floatpane/matcha/daemon/handler.go:178.2,179.16 2 0
github.com/floatpane/matcha/daemon/handler.go:179.16,182.3 2 0
github.com/floatpane/matcha/daemon/handler.go:184.2,187.72 3 0
github.com/floatpane/matcha/daemon/handler.go:187.72,190.3 2 0
github.com/floatpane/matcha/daemon/handler.go:191.2,191.33 1 0
github.com/floatpane/matcha/daemon/handler.go:194.84,196.16 2 0
github.com/floatpane/matcha/daemon/handler.go:196.16,199.3 2 0
github.com/floatpane/matcha/daemon/handler.go:201.2,202.16 2 0
github.com/floatpane/matcha/daemon/handler.go:202.16,205.3 2 0
github.com/floatpane/matcha/daemon/handler.go:207.2,210.73 3 0
github.com/floatpane/matcha/daemon/handler.go:210.73,213.3 2 0
github.com/floatpane/matcha/daemon/handler.go:214.2,214.33 1 0
github.com/floatpane/matcha/daemon/handler.go:217.81,219.16 2 0
github.com/floatpane/matcha/daemon/handler.go:219.16,222.3 2 0
github.com/floatpane/matcha/daemon/handler.go:224.2,225.16 2 0
github.com/floatpane/matcha/daemon/handler.go:225.16,228.3 2 0
github.com/floatpane/matcha/daemon/handler.go:230.2,233.95 3 0
github.com/floatpane/matcha/daemon/handler.go:233.95,236.3 2 0
github.com/floatpane/matcha/daemon/handler.go:237.2,237.33 1 0
github.com/floatpane/matcha/daemon/handler.go:240.79,242.16 2 0
github.com/floatpane/matcha/daemon/handler.go:242.16,245.3 2 0
github.com/floatpane/matcha/daemon/handler.go:247.2,248.16 2 0
github.com/floatpane/matcha/daemon/handler.go:248.16,251.3 2 0
github.com/floatpane/matcha/daemon/handler.go:253.2,257.34 3 0
github.com/floatpane/matcha/daemon/handler.go:257.34,258.63 1 0
github.com/floatpane/matcha/daemon/handler.go:258.63,260.4 1 0
github.com/floatpane/matcha/daemon/handler.go:262.2,262.33 1 0
github.com/floatpane/matcha/daemon/handler.go:265.83,267.16 2 0
github.com/floatpane/matcha/daemon/handler.go:267.16,270.3 2 0
github.com/floatpane/matcha/daemon/handler.go:272.2,273.16 2 0
github.com/floatpane/matcha/daemon/handler.go:273.16,276.3 2 0
github.com/floatpane/matcha/daemon/handler.go:278.2,282.16 4 0
github.com/floatpane/matcha/daemon/handler.go:282.16,285.3 2 0
github.com/floatpane/matcha/daemon/handler.go:286.2,286.36 1 0
github.com/floatpane/matcha/daemon/handler.go:289.84,291.16 2 0
github.com/floatpane/matcha/daemon/handler.go:291.16,294.3 2 0
github.com/floatpane/matcha/daemon/handler.go:297.2,297.12 1 0
github.com/floatpane/matcha/daemon/handler.go:297.12,299.17 2 0
github.com/floatpane/matcha/daemon/handler.go:299.17,302.4 2 0
github.com/floatpane/matcha/daemon/handler.go:304.3,313.17 5 0
github.com/floatpane/matcha/daemon/handler.go:313.17,320.4 2 0
github.com/floatpane/matcha/daemon/handler.go:322.3,326.5 1 0
github.com/floatpane/matcha/daemon/handler.go:329.2,329.33 1 0
github.com/floatpane/matcha/daemon/handler.go:332.80,334.16 2 1
github.com/floatpane/matcha/daemon/handler.go:334.16,337.3 2 0
github.com/floatpane/matcha/daemon/handler.go:339.2,342.34 3 1
github.com/floatpane/matcha/daemon/handler.go:342.34,344.3 1 1
github.com/floatpane/matcha/daemon/handler.go:345.2,349.33 4 1
github.com/floatpane/matcha/daemon/handler.go:352.82,354.16 2 0
github.com/floatpane/matcha/daemon/handler.go:354.16,357.3 2 0
github.com/floatpane/matcha/daemon/handler.go:359.2,362.43 3 0
github.com/floatpane/matcha/daemon/handler.go:362.43,364.3 1 0
github.com/floatpane/matcha/daemon/handler.go:365.2,367.33 2 0
github.com/floatpane/matcha/daemon/pidfile_unix.go:14.34,16.2 1 1
github.com/floatpane/matcha/daemon/pidfile_unix.go:19.40,21.16 2 1
github.com/floatpane/matcha/daemon/pidfile_unix.go:21.16,23.3 1 1
github.com/floatpane/matcha/daemon/pidfile_unix.go:24.2,25.16 2 1
github.com/floatpane/matcha/daemon/pidfile_unix.go:25.16,27.3 1 1
github.com/floatpane/matcha/daemon/pidfile_unix.go:28.2,28.17 1 1
github.com/floatpane/matcha/daemon/pidfile_unix.go:32.41,34.16 2 1
github.com/floatpane/matcha/daemon/pidfile_unix.go:34.16,36.3 1 1
github.com/floatpane/matcha/daemon/pidfile_unix.go:38.2,39.24 2 1
github.com/floatpane/matcha/daemon/pidfile_unix.go:43.35,45.2 1 1
github.com/floatpane/matcha/daemon/signals.go:13.34,17.6 3 0
github.com/floatpane/matcha/daemon/signals.go:17.6,18.10 1 0
github.com/floatpane/matcha/daemon/signals.go:19.20,20.15 1 0
github.com/floatpane/matcha/daemon/signals.go:21.41,24.11 3 0
github.com/floatpane/matcha/daemon/signals.go:25.24,27.44 2 0
github.com/floatpane/matcha/daemon/signals.go:27.44,29.6 1 0
github.com/floatpane/matcha/daemon/signals.go:31.21,32.10 1 0
github.com/floatpane/matcha/config/cache.go:31.34,33.16 2 0
github.com/floatpane/matcha/config/cache.go:33.16,35.3 1 0
github.com/floatpane/matcha/config/cache.go:36.2,36.52 1 0
github.com/floatpane/matcha/config/cache.go:40.46,42.16 2 0
github.com/floatpane/matcha/config/cache.go:42.16,44.3 1 0
github.com/floatpane/matcha/config/cache.go:45.2,45.62 1 0
github.com/floatpane/matcha/config/cache.go:45.62,47.3 1 0
github.com/floatpane/matcha/config/cache.go:48.2,50.16 3 0
github.com/floatpane/matcha/config/cache.go:50.16,52.3 1 0
github.com/floatpane/matcha/config/cache.go:53.2,53.42 1 0
github.com/floatpane/matcha/config/cache.go:57.44,59.16 2 0
github.com/floatpane/matcha/config/cache.go:59.16,61.3 1 0
github.com/floatpane/matcha/config/cache.go:62.2,63.16 2 0
github.com/floatpane/matcha/config/cache.go:63.16,65.3 1 0
github.com/floatpane/matcha/config/cache.go:66.2,67.53 2 0
github.com/floatpane/matcha/config/cache.go:67.53,69.3 1 0
github.com/floatpane/matcha/config/cache.go:70.2,70.20 1 0
github.com/floatpane/matcha/config/cache.go:74.27,76.16 2 0
github.com/floatpane/matcha/config/cache.go:76.16,78.3 1 0
github.com/floatpane/matcha/config/cache.go:79.2,80.19 2 0
github.com/floatpane/matcha/config/cache.go:84.30,86.16 2 0
github.com/floatpane/matcha/config/cache.go:86.16,88.3 1 0
github.com/floatpane/matcha/config/cache.go:89.2,89.24 1 0
github.com/floatpane/matcha/config/cache.go:109.45,111.16 2 1
github.com/floatpane/matcha/config/cache.go:111.16,113.3 1 0
github.com/floatpane/matcha/config/cache.go:114.2,114.49 1 1
github.com/floatpane/matcha/config/cache.go:118.52,120.16 2 1
github.com/floatpane/matcha/config/cache.go:120.16,122.3 1 0
github.com/floatpane/matcha/config/cache.go:123.2,123.62 1 1
github.com/floatpane/matcha/config/cache.go:123.62,125.3 1 0
github.com/floatpane/matcha/config/cache.go:126.2,128.16 3 1
github.com/floatpane/matcha/config/cache.go:128.16,130.3 1 0
github.com/floatpane/matcha/config/cache.go:131.2,131.42 1 1
github.com/floatpane/matcha/config/cache.go:135.50,137.16 2 1
github.com/floatpane/matcha/config/cache.go:137.16,139.3 1 0
github.com/floatpane/matcha/config/cache.go:140.2,141.16 2 1
github.com/floatpane/matcha/config/cache.go:141.16,143.3 1 1
github.com/floatpane/matcha/config/cache.go:144.2,145.53 2 1
github.com/floatpane/matcha/config/cache.go:145.53,147.3 1 0
github.com/floatpane/matcha/config/cache.go:148.2,148.20 1 1
github.com/floatpane/matcha/config/cache.go:151.49,153.2 1 1
github.com/floatpane/matcha/config/cache.go:156.43,157.17 1 1
github.com/floatpane/matcha/config/cache.go:157.17,159.3 1 0
github.com/floatpane/matcha/config/cache.go:161.2,165.16 4 1
github.com/floatpane/matcha/config/cache.go:165.16,167.3 1 1
github.com/floatpane/matcha/config/cache.go:170.2,171.35 2 1
github.com/floatpane/matcha/config/cache.go:171.35,172.40 1 1
github.com/floatpane/matcha/config/cache.go:172.40,178.55 4 1
github.com/floatpane/matcha/config/cache.go:178.55,180.5 1 0
github.com/floatpane/matcha/config/cache.go:181.4,182.9 2 1
github.com/floatpane/matcha/config/cache.go:186.2,186.12 1 1
github.com/floatpane/matcha/config/cache.go:186.12,193.3 1 1
github.com/floatpane/matcha/config/cache.go:195.2,195.33 1 1
github.com/floatpane/matcha/config/cache.go:199.45,201.16 2 0
github.com/floatpane/matcha/config/cache.go:201.16,203.3 1 0
github.com/floatpane/matcha/config/cache.go:205.2,206.17 2 0
github.com/floatpane/matcha/config/cache.go:206.17,208.3 1 0
github.com/floatpane/matcha/config/cache.go:210.2,214.16 3 0
github.com/floatpane/matcha/config/cache.go:214.16,215.41 1 0
github.com/floatpane/matcha/config/cache.go:215.41,216.59 1 0
github.com/floatpane/matcha/config/cache.go:216.59,224.5 1 0
github.com/floatpane/matcha/config/cache.go:228.2,228.35 1 0
github.com/floatpane/matcha/config/cache.go:228.35,230.53 1 0
github.com/floatpane/matcha/config/cache.go:230.53,232.4 1 0
github.com/floatpane/matcha/config/cache.go:236.2,236.42 1 0
github.com/floatpane/matcha/config/cache.go:236.42,237.49 1 0
github.com/floatpane/matcha/config/cache.go:237.49,239.4 1 0
github.com/floatpane/matcha/config/cache.go:240.3,240.56 1 0
github.com/floatpane/matcha/config/cache.go:244.2,244.22 1 0
github.com/floatpane/matcha/config/cache.go:244.22,246.3 1 0
github.com/floatpane/matcha/config/cache.go:248.2,248.16 1 0
github.com/floatpane/matcha/config/cache.go:277.35,279.16 2 0
github.com/floatpane/matcha/config/cache.go:279.16,281.3 1 0
github.com/floatpane/matcha/config/cache.go:282.2,282.47 1 0
github.com/floatpane/matcha/config/cache.go:286.48,288.16 2 0
github.com/floatpane/matcha/config/cache.go:288.16,290.3 1 0
github.com/floatpane/matcha/config/cache.go:291.2,291.62 1 0
github.com/floatpane/matcha/config/cache.go:291.62,293.3 1 0
github.com/floatpane/matcha/config/cache.go:294.2,296.16 3 0
github.com/floatpane/matcha/config/cache.go:296.16,298.3 1 0
github.com/floatpane/matcha/config/cache.go:299.2,299.42 1 0
github.com/floatpane/matcha/config/cache.go:303.46,305.16 2 0
github.com/floatpane/matcha/config/cache.go:305.16,307.3 1 0
github.com/floatpane/matcha/config/cache.go:308.2,309.16 2 0
github.com/floatpane/matcha/config/cache.go:309.16,311.3 1 0
github.com/floatpane/matcha/config/cache.go:312.2,313.53 2 0
github.com/floatpane/matcha/config/cache.go:313.53,315.3 1 0
github.com/floatpane/matcha/config/cache.go:316.2,316.20 1 0
github.com/floatpane/matcha/config/cache.go:320.35,322.16 2 0
github.com/floatpane/matcha/config/cache.go:322.16,324.3 1 0
github.com/floatpane/matcha/config/cache.go:326.2,330.33 3 0
github.com/floatpane/matcha/config/cache.go:330.33,331.23 1 0
github.com/floatpane/matcha/config/cache.go:331.23,334.9 3 0
github.com/floatpane/matcha/config/cache.go:338.2,338.12 1 0
github.com/floatpane/matcha/config/cache.go:338.12,339.31 1 0
github.com/floatpane/matcha/config/cache.go:339.31,341.4 1 0
github.com/floatpane/matcha/config/cache.go:342.3,342.45 1 0
github.com/floatpane/matcha/config/cache.go:345.2,345.31 1 0
github.com/floatpane/matcha/config/cache.go:349.35,351.16 2 0
github.com/floatpane/matcha/config/cache.go:351.16,353.3 1 0
github.com/floatpane/matcha/config/cache.go:355.2,356.33 2 0
github.com/floatpane/matcha/config/cache.go:356.33,357.17 1 0
github.com/floatpane/matcha/config/cache.go:357.17,359.4 1 0
github.com/floatpane/matcha/config/cache.go:361.2,363.31 2 0
github.com/floatpane/matcha/config/cache.go:367.33,369.16 2 0
github.com/floatpane/matcha/config/cache.go:369.16,371.3 1 0
github.com/floatpane/matcha/config/cache.go:373.2,373.33 1 0
github.com/floatpane/matcha/config/cache.go:373.33,374.17 1 0
github.com/floatpane/matcha/config/cache.go:374.17,376.4 1 0
github.com/floatpane/matcha/config/cache.go:378.2,378.12 1 0
github.com/floatpane/matcha/config/cache.go:382.29,384.16 2 0
github.com/floatpane/matcha/config/cache.go:384.16,386.3 1 0
github.com/floatpane/matcha/config/cache.go:388.2,389.41 2 0
github.com/floatpane/matcha/config/cache.go:389.41,391.3 1 0
github.com/floatpane/matcha/config/cache.go:393.2,393.15 1 0
github.com/floatpane/matcha/config/cache.go:397.23,399.16 2 0
github.com/floatpane/matcha/config/cache.go:399.16,401.3 1 0
github.com/floatpane/matcha/config/cache.go:402.2,402.30 1 0
github.com/floatpane/matcha/config/cache.go:439.37,441.16 2 0
github.com/floatpane/matcha/config/cache.go:441.16,443.3 1 0
github.com/floatpane/matcha/config/cache.go:444.2,444.48 1 0
github.com/floatpane/matcha/config/cache.go:448.55,450.16 2 0
github.com/floatpane/matcha/config/cache.go:450.16,452.3 1 0
github.com/floatpane/matcha/config/cache.go:453.2,454.46 2 0
github.com/floatpane/matcha/config/cache.go:458.69,460.16 2 0
github.com/floatpane/matcha/config/cache.go:460.16,462.3 1 0
github.com/floatpane/matcha/config/cache.go:463.2,464.16 2 0
github.com/floatpane/matcha/config/cache.go:464.16,466.3 1 0
github.com/floatpane/matcha/config/cache.go:467.2,468.53 2 0
github.com/floatpane/matcha/config/cache.go:468.53,470.3 1 0
github.com/floatpane/matcha/config/cache.go:471.2,471.20 1 0
github.com/floatpane/matcha/config/cache.go:475.54,477.16 2 0
github.com/floatpane/matcha/config/cache.go:477.16,479.3 1 0
github.com/floatpane/matcha/config/cache.go:480.2,480.62 1 0
github.com/floatpane/matcha/config/cache.go:480.62,482.3 1 0
github.com/floatpane/matcha/config/cache.go:483.2,485.16 3 0
github.com/floatpane/matcha/config/cache.go:485.16,487.3 1 0
github.com/floatpane/matcha/config/cache.go:488.2,488.42 1 0
github.com/floatpane/matcha/config/cache.go:492.91,494.16 2 0
github.com/floatpane/matcha/config/cache.go:494.16,496.3 1 0
github.com/floatpane/matcha/config/cache.go:497.2,497.33 1 0
github.com/floatpane/matcha/config/cache.go:497.33,498.47 1 0
github.com/floatpane/matcha/config/cache.go:498.47,500.4 1 0
github.com/floatpane/matcha/config/cache.go:502.2,502.12 1 0
github.com/floatpane/matcha/config/cache.go:506.67,508.16 2 0
github.com/floatpane/matcha/config/cache.go:508.16,510.3 1 0
github.com/floatpane/matcha/config/cache.go:512.2,516.33 3 0
github.com/floatpane/matcha/config/cache.go:516.33,517.57 1 0
github.com/floatpane/matcha/config/cache.go:517.57,520.9 3 0
github.com/floatpane/matcha/config/cache.go:523.2,523.12 1 0
github.com/floatpane/matcha/config/cache.go:523.12,525.3 1 0
github.com/floatpane/matcha/config/cache.go:527.2,527.34 1 0
github.com/floatpane/matcha/config/cache.go:532.80,534.16 2 0
github.com/floatpane/matcha/config/cache.go:534.16,536.3 1 0
github.com/floatpane/matcha/config/cache.go:538.2,539.33 2 0
github.com/floatpane/matcha/config/cache.go:539.33,540.64 1 0
github.com/floatpane/matcha/config/cache.go:540.64,542.4 1 0
github.com/floatpane/matcha/config/cache.go:545.2,545.36 1 0
github.com/floatpane/matcha/config/cache.go:545.36,547.3 1 0
github.com/floatpane/matcha/config/cache.go:549.2,550.34 2 0
github.com/floatpane/matcha/config/config.go:94.41,96.13 2 1
github.com/floatpane/matcha/config/config.go:96.13,98.3 1 1
github.com/floatpane/matcha/config/config.go:99.2,99.31 1 1
github.com/floatpane/matcha/config/config.go:106.43,109.17 3 1
github.com/floatpane/matcha/config/config.go:109.17,111.10 2 1
github.com/floatpane/matcha/config/config.go:112.40,114.10 2 1
github.com/floatpane/matcha/config/config.go:115.38,117.10 2 1
github.com/floatpane/matcha/config/config.go:118.38,120.10 2 1
github.com/floatpane/matcha/config/config.go:121.38,123.10 2 1
github.com/floatpane/matcha/config/config.go:124.38,126.10 2 1
github.com/floatpane/matcha/config/config.go:127.38,129.10 2 1
github.com/floatpane/matcha/config/config.go:130.69,132.10 2 1
github.com/floatpane/matcha/config/config.go:133.38,135.70 2 1
github.com/floatpane/matcha/config/config.go:135.70,137.5 1 1
github.com/floatpane/matcha/config/config.go:137.10,139.5 1 1
github.com/floatpane/matcha/config/config.go:140.4,140.10 1 1
github.com/floatpane/matcha/config/config.go:141.69,143.10 2 1
github.com/floatpane/matcha/config/config.go:144.11,146.7 2 1
github.com/floatpane/matcha/config/config.go:149.2,149.19 1 1
github.com/floatpane/matcha/config/config.go:153.42,154.27 1 1
github.com/floatpane/matcha/config/config.go:155.15,156.26 1 1
github.com/floatpane/matcha/config/config.go:157.17,158.33 1 0
github.com/floatpane/matcha/config/config.go:159.16,160.28 1 1
github.com/floatpane/matcha/config/config.go:161.16,162.22 1 1
github.com/floatpane/matcha/config/config.go:163.10,164.12 1 1
github.com/floatpane/matcha/config/config.go:169.37,170.27 1 1
github.com/floatpane/matcha/config/config.go:171.36,172.13 1 1
github.com/floatpane/matcha/config/config.go:173.16,174.22 1 1
github.com/floatpane/matcha/config/config.go:174.22,176.4 1 1
github.com/floatpane/matcha/config/config.go:177.3,177.13 1 1
github.com/floatpane/matcha/config/config.go:178.10,179.13 1 0
github.com/floatpane/matcha/config/config.go:184.42,185.27 1 1
github.com/floatpane/matcha/config/config.go:186.15,187.26 1 1
github.com/floatpane/matcha/config/config.go:188.17,189.30 1 0
github.com/floatpane/matcha/config/config.go:190.16,191.28 1 1
github.com/floatpane/matcha/config/config.go:192.16,193.22 1 1
github.com/floatpane/matcha/config/config.go:194.10,195.12 1 1
github.com/floatpane/matcha/config/config.go:200.37,201.27 1 1
github.com/floatpane/matcha/config/config.go:202.36,203.13 1 1
github.com/floatpane/matcha/config/config.go:204.16,205.22 1 1
github.com/floatpane/matcha/config/config.go:205.22,207.4 1 1
github.com/floatpane/matcha/config/config.go:208.3,208.13 1 1
github.com/floatpane/matcha/config/config.go:209.10,210.13 1 0
github.com/floatpane/matcha/config/config.go:215.42,216.24 1 1
github.com/floatpane/matcha/config/config.go:216.24,218.3 1 1
github.com/floatpane/matcha/config/config.go:219.2,219.16 1 1
github.com/floatpane/matcha/config/config.go:223.43,224.25 1 1
github.com/floatpane/matcha/config/config.go:224.25,226.3 1 1
github.com/floatpane/matcha/config/config.go:227.2,227.26 1 1
github.com/floatpane/matcha/config/config.go:231.45,233.34 2 1
github.com/floatpane/matcha/config/config.go:233.34,235.3 1 1
github.com/floatpane/matcha/config/config.go:236.2,236.15 1 0
github.com/floatpane/matcha/config/config.go:240.42,241.24 1 0
github.com/floatpane/matcha/config/config.go:241.24,243.3 1 0
github.com/floatpane/matcha/config/config.go:244.2,244.11 1 0
github.com/floatpane/matcha/config/config.go:248.37,249.21 1 0
github.com/floatpane/matcha/config/config.go:249.21,251.3 1 0
github.com/floatpane/matcha/config/config.go:252.2,252.12 1 0
github.com/floatpane/matcha/config/config.go:256.37,258.2 1 0
github.com/floatpane/matcha/config/config.go:261.34,263.16 2 1
github.com/floatpane/matcha/config/config.go:263.16,265.3 1 0
github.com/floatpane/matcha/config/config.go:266.2,266.54 1 1
github.com/floatpane/matcha/config/config.go:270.36,272.2 1 0
github.com/floatpane/matcha/config/config.go:275.33,277.16 2 1
github.com/floatpane/matcha/config/config.go:277.16,279.3 1 0
github.com/floatpane/matcha/config/config.go:280.2,280.53 1 1
github.com/floatpane/matcha/config/config.go:285.32,287.16 2 0
github.com/floatpane/matcha/config/config.go:287.16,289.3 1 0
github.com/floatpane/matcha/config/config.go:290.2,291.16 2 0
github.com/floatpane/matcha/config/config.go:291.16,293.3 1 0
github.com/floatpane/matcha/config/config.go:294.2,294.47 1 0
github.com/floatpane/matcha/config/config.go:294.47,296.3 1 0
github.com/floatpane/matcha/config/config.go:299.2,300.26 2 0
github.com/floatpane/matcha/config/config.go:300.26,303.45 3 0
github.com/floatpane/matcha/config/config.go:303.45,305.46 1 0
github.com/floatpane/matcha/config/config.go:305.46,306.55 1 0
github.com/floatpane/matcha/config/config.go:306.55,308.6 1 0
github.com/floatpane/matcha/config/config.go:314.2,316.62 3 0
github.com/floatpane/matcha/config/config.go:316.62,317.44 1 0
github.com/floatpane/matcha/config/config.go:317.44,318.52 1 0
github.com/floatpane/matcha/config/config.go:318.52,320.5 1 0
github.com/floatpane/matcha/config/config.go:324.2,324.12 1 0
github.com/floatpane/matcha/config/config.go:328.35,330.16 2 1
github.com/floatpane/matcha/config/config.go:330.16,332.3 1 0
github.com/floatpane/matcha/config/config.go:333.2,333.47 1 1
github.com/floatpane/matcha/config/config.go:376.39,379.17 2 1
github.com/floatpane/matcha/config/config.go:379.17,384.39 1 1
github.com/floatpane/matcha/config/config.go:384.39,385.26 1 1
github.com/floatpane/matcha/config/config.go:385.26,386.84 1 1
github.com/floatpane/matcha/config/config.go:386.84,388.6 1 0
github.com/floatpane/matcha/config/config.go:390.4,390.57 1 1
github.com/floatpane/matcha/config/config.go:390.57,391.93 1 0
github.com/floatpane/matcha/config/config.go:391.93,393.6 1 0
github.com/floatpane/matcha/config/config.go:398.2,399.16 2 1
github.com/floatpane/matcha/config/config.go:399.16,401.3 1 0
github.com/floatpane/matcha/config/config.go:402.2,402.62 1 1
github.com/floatpane/matcha/config/config.go:402.62,404.3 1 0
github.com/floatpane/matcha/config/config.go:406.2,407.16 2 1
github.com/floatpane/matcha/config/config.go:407.16,417.39 2 0
github.com/floatpane/matcha/config/config.go:417.39,445.4 1 0
github.com/floatpane/matcha/config/config.go:446.3,446.48 1 0
github.com/floatpane/matcha/config/config.go:447.8,449.3 1 1
github.com/floatpane/matcha/config/config.go:450.2,450.16 1 1
github.com/floatpane/matcha/config/config.go:450.16,452.3 1 0
github.com/floatpane/matcha/config/config.go:453.2,453.42 1 1
github.com/floatpane/matcha/config/config.go:458.36,460.16 2 1
github.com/floatpane/matcha/config/config.go:460.16,462.3 1 0
github.com/floatpane/matcha/config/config.go:463.2,464.16 2 1
github.com/floatpane/matcha/config/config.go:464.16,466.3 1 0
github.com/floatpane/matcha/config/config.go:468.2,511.51 7 1
github.com/floatpane/matcha/config/config.go:511.51,513.101 2 0
github.com/floatpane/matcha/config/config.go:513.101,527.54 2 0
github.com/floatpane/matcha/config/config.go:527.54,529.5 1 0
github.com/floatpane/matcha/config/config.go:530.4,530.23 1 0
github.com/floatpane/matcha/config/config.go:532.3,532.18 1 0
github.com/floatpane/matcha/config/config.go:535.2,541.38 7 1
github.com/floatpane/matcha/config/config.go:541.38,569.92 2 1
github.com/floatpane/matcha/config/config.go:569.92,571.4 1 0
github.com/floatpane/matcha/config/config.go:573.3,573.17 1 1
github.com/floatpane/matcha/config/config.go:573.17,577.4 2 0
github.com/floatpane/matcha/config/config.go:577.9,577.35 1 1
github.com/floatpane/matcha/config/config.go:577.35,579.89 1 0
github.com/floatpane/matcha/config/config.go:579.89,581.5 1 0
github.com/floatpane/matcha/config/config.go:582.4,583.25 2 0
github.com/floatpane/matcha/config/config.go:584.9,586.74 1 1
github.com/floatpane/matcha/config/config.go:586.74,588.5 1 1
github.com/floatpane/matcha/config/config.go:591.3,591.18 1 1
github.com/floatpane/matcha/config/config.go:591.18,593.37 1 1
github.com/floatpane/matcha/config/config.go:593.37,594.86 1 0
github.com/floatpane/matcha/config/config.go:594.86,596.6 1 0
github.com/floatpane/matcha/config/config.go:600.3,600.49 1 1
github.com/floatpane/matcha/config/config.go:603.2,603.20 1 1
github.com/floatpane/matcha/config/config.go:603.20,604.53 1 0
github.com/floatpane/matcha/config/config.go:604.53,606.4 1 0
github.com/floatpane/matcha/config/config.go:609.2,609.21 1 1
github.com/floatpane/matcha/config/config.go:621.46,622.22 1 1
github.com/floatpane/matcha/config/config.go:622.22,624.3 1 1
github.com/floatpane/matcha/config/config.go:626.2,626.53 1 1
github.com/floatpane/matcha/config/config.go:626.53,628.3 1 1
github.com/floatpane/matcha/config/config.go:629.2,629.42 1 1
github.com/floatpane/matcha/config/config.go:633.48,634.33 1 1
github.com/floatpane/matcha/config/config.go:634.33,635.19 1 1
github.com/floatpane/matcha/config/config.go:635.19,640.102 1 1
github.com/floatpane/matcha/config/config.go:640.102,642.5 1 0
github.com/floatpane/matcha/config/config.go:644.4,644.113 1 1
github.com/floatpane/matcha/config/config.go:644.113,646.5 1 0
github.com/floatpane/matcha/config/config.go:648.4,649.15 2 1
github.com/floatpane/matcha/config/config.go:652.2,652.14 1 1
github.com/floatpane/matcha/config/config.go:656.53,657.28 1 1
github.com/floatpane/matcha/config/config.go:657.28,658.29 1 1
github.com/floatpane/matcha/config/config.go:658.29,660.4 1 1
github.com/floatpane/matcha/config/config.go:662.2,662.12 1 1
github.com/floatpane/matcha/config/config.go:666.59,667.28 1 1
github.com/floatpane/matcha/config/config.go:667.28,668.35 1 1
github.com/floatpane/matcha/config/config.go:668.35,670.4 1 1
github.com/floatpane/matcha/config/config.go:672.2,672.12 1 1
github.com/floatpane/matcha/config/config.go:676.37,678.2 1 1
github.com/floatpane/matcha/config/config.go:681.45,682.25 1 0
github.com/floatpane/matcha/config/config.go:682.25,684.3 1 0
github.com/floatpane/matcha/config/config.go:685.2,685.12 1 0
github.com/floatpane/matcha/config/config.go:689.27,691.16 2 0
github.com/floatpane/matcha/config/config.go:691.16,693.3 1 0
github.com/floatpane/matcha/config/config.go:694.2,695.34 2 0
github.com/floatpane/matcha/config/encryption.go:45.32,49.2 3 0
github.com/floatpane/matcha/config/encryption.go:52.29,56.2 3 1
github.com/floatpane/matcha/config/encryption.go:59.24,63.28 3 0
github.com/floatpane/matcha/config/encryption.go:63.28,65.3 1 0
github.com/floatpane/matcha/config/encryption.go:66.2,66.18 1 0
github.com/floatpane/matcha/config/encryption.go:70.53,72.2 1 0
github.com/floatpane/matcha/config/encryption.go:75.99,77.2 1 0
github.com/floatpane/matcha/config/encryption.go:80.53,82.16 2 0
github.com/floatpane/matcha/config/encryption.go:82.16,84.3 1 0
github.com/floatpane/matcha/config/encryption.go:85.2,86.16 2 0
github.com/floatpane/matcha/config/encryption.go:86.16,88.3 1 0
github.com/floatpane/matcha/config/encryption.go:89.2,90.44 2 0
github.com/floatpane/matcha/config/encryption.go:90.44,92.3 1 0
github.com/floatpane/matcha/config/encryption.go:93.2,93.55 1 0
github.com/floatpane/matcha/config/encryption.go:97.54,99.16 2 0
github.com/floatpane/matcha/config/encryption.go:99.16,101.3 1 0
github.com/floatpane/matcha/config/encryption.go:102.2,103.16 2 0
github.com/floatpane/matcha/config/encryption.go:103.16,105.3 1 0
github.com/floatpane/matcha/config/encryption.go:106.2,107.33 2 0
github.com/floatpane/matcha/config/encryption.go:107.33,109.3 1 0
github.com/floatpane/matcha/config/encryption.go:110.2,112.16 3 0
github.com/floatpane/matcha/config/encryption.go:112.16,114.3 1 0
github.com/floatpane/matcha/config/encryption.go:115.2,115.23 1 0
github.com/floatpane/matcha/config/encryption.go:119.39,121.16 2 0
github.com/floatpane/matcha/config/encryption.go:121.16,123.3 1 0
github.com/floatpane/matcha/config/encryption.go:124.2,124.48 1 0
github.com/floatpane/matcha/config/encryption.go:128.33,130.16 2 0
github.com/floatpane/matcha/config/encryption.go:130.16,132.3 1 0
github.com/floatpane/matcha/config/encryption.go:133.2,134.19 2 0
github.com/floatpane/matcha/config/encryption.go:138.44,140.16 2 0
github.com/floatpane/matcha/config/encryption.go:140.16,142.3 1 0
github.com/floatpane/matcha/config/encryption.go:143.2,144.16 2 0
github.com/floatpane/matcha/config/encryption.go:144.16,146.3 1 0
github.com/floatpane/matcha/config/encryption.go:147.2,148.52 2 0
github.com/floatpane/matcha/config/encryption.go:148.52,150.3 1 0
github.com/floatpane/matcha/config/encryption.go:151.2,151.19 1 0
github.com/floatpane/matcha/config/encryption.go:156.54,158.16 2 0
github.com/floatpane/matcha/config/encryption.go:158.16,160.3 1 0
github.com/floatpane/matcha/config/encryption.go:162.2,163.16 2 0
github.com/floatpane/matcha/config/encryption.go:163.16,165.3 1 0
github.com/floatpane/matcha/config/encryption.go:167.2,170.16 3 0
github.com/floatpane/matcha/config/encryption.go:170.16,172.3 1 0
github.com/floatpane/matcha/config/encryption.go:174.2,175.16 2 0
github.com/floatpane/matcha/config/encryption.go:175.16,177.3 1 0
github.com/floatpane/matcha/config/encryption.go:179.2,179.44 1 0
github.com/floatpane/matcha/config/encryption.go:179.44,181.3 1 0
github.com/floatpane/matcha/config/encryption.go:183.2,183.17 1 0
github.com/floatpane/matcha/config/encryption.go:190.59,193.43 2 0
github.com/floatpane/matcha/config/encryption.go:193.43,195.3 1 0
github.com/floatpane/matcha/config/encryption.go:197.2,201.16 3 0
github.com/floatpane/matcha/config/encryption.go:201.16,203.3 1 0
github.com/floatpane/matcha/config/encryption.go:205.2,214.16 3 0
github.com/floatpane/matcha/config/encryption.go:214.16,216.3 1 0
github.com/floatpane/matcha/config/encryption.go:218.2,219.16 2 0
github.com/floatpane/matcha/config/encryption.go:219.16,221.3 1 0
github.com/floatpane/matcha/config/encryption.go:222.2,222.62 1 0
github.com/floatpane/matcha/config/encryption.go:222.62,224.3 1 0
github.com/floatpane/matcha/config/encryption.go:227.2,231.16 2 0
github.com/floatpane/matcha/config/encryption.go:231.16,232.41 1 0
github.com/floatpane/matcha/config/encryption.go:232.41,235.4 2 0
github.com/floatpane/matcha/config/encryption.go:239.2,239.46 1 0
github.com/floatpane/matcha/config/encryption.go:239.46,242.3 2 0
github.com/floatpane/matcha/config/encryption.go:245.2,245.59 1 0
github.com/floatpane/matcha/config/encryption.go:245.59,248.3 2 0
github.com/floatpane/matcha/config/encryption.go:250.2,250.12 1 0
github.com/floatpane/matcha/config/encryption.go:255.43,258.16 2 0
github.com/floatpane/matcha/config/encryption.go:258.16,260.3 1 0
github.com/floatpane/matcha/config/encryption.go:263.2,273.26 5 0
github.com/floatpane/matcha/config/encryption.go:273.26,274.19 1 0
github.com/floatpane/matcha/config/encryption.go:274.19,275.12 1 0
github.com/floatpane/matcha/config/encryption.go:277.3,278.17 2 0
github.com/floatpane/matcha/config/encryption.go:278.17,279.12 1 0
github.com/floatpane/matcha/config/encryption.go:281.3,282.17 2 0
github.com/floatpane/matcha/config/encryption.go:282.17,283.12 1 0
github.com/floatpane/matcha/config/encryption.go:285.3,285.54 1 0
github.com/floatpane/matcha/config/encryption.go:285.54,287.4 1 0
github.com/floatpane/matcha/config/encryption.go:291.2,294.16 2 0
github.com/floatpane/matcha/config/encryption.go:294.16,295.41 1 0
github.com/floatpane/matcha/config/encryption.go:295.41,297.4 1 0
github.com/floatpane/matcha/config/encryption.go:301.2,302.16 2 0
github.com/floatpane/matcha/config/encryption.go:302.16,304.3 1 0
github.com/floatpane/matcha/config/encryption.go:305.2,307.12 2 0
github.com/floatpane/matcha/config/encryption.go:311.50,313.16 2 1
github.com/floatpane/matcha/config/encryption.go:313.16,315.3 1 1
github.com/floatpane/matcha/config/encryption.go:316.2,317.16 2 1
github.com/floatpane/matcha/config/encryption.go:317.16,319.3 1 1
github.com/floatpane/matcha/config/encryption.go:320.2,320.27 1 0
github.com/floatpane/matcha/config/encryption.go:324.72,326.16 2 1
github.com/floatpane/matcha/config/encryption.go:326.16,328.3 1 1
github.com/floatpane/matcha/config/encryption.go:329.2,330.16 2 0
github.com/floatpane/matcha/config/encryption.go:330.16,332.3 1 0
github.com/floatpane/matcha/config/encryption.go:333.2,333.44 1 0
github.com/floatpane/matcha/config/encryption.go:337.34,339.16 2 0
github.com/floatpane/matcha/config/encryption.go:339.16,341.3 1 0
github.com/floatpane/matcha/config/encryption.go:344.2,346.26 2 0
github.com/floatpane/matcha/config/encryption.go:346.26,347.19 1 0
github.com/floatpane/matcha/config/encryption.go:347.19,348.12 1 0
github.com/floatpane/matcha/config/encryption.go:350.3,351.17 2 0
github.com/floatpane/matcha/config/encryption.go:351.17,352.12 1 0
github.com/floatpane/matcha/config/encryption.go:355.3,355.61 1 0
github.com/floatpane/matcha/config/encryption.go:355.61,357.4 1 0
github.com/floatpane/matcha/config/encryption.go:359.2,359.12 1 0
github.com/floatpane/matcha/config/encryption.go:363.43,368.16 3 0
github.com/floatpane/matcha/config/encryption.go:368.16,370.3 1 0
github.com/floatpane/matcha/config/encryption.go:371.2,375.16 3 0
github.com/floatpane/matcha/config/encryption.go:375.16,377.3 1 0
github.com/floatpane/matcha/config/encryption.go:378.2,379.31 2 0
github.com/floatpane/matcha/config/encryption.go:379.31,381.3 1 0
github.com/floatpane/matcha/config/encryption.go:384.2,385.55 2 0
github.com/floatpane/matcha/config/encryption.go:385.55,386.33 1 0
github.com/floatpane/matcha/config/encryption.go:386.33,387.22 1 0
github.com/floatpane/matcha/config/encryption.go:387.22,389.5 1 0
github.com/floatpane/matcha/config/encryption.go:394.2,395.53 2 0
github.com/floatpane/matcha/config/encryption.go:395.53,396.33 1 0
github.com/floatpane/matcha/config/encryption.go:396.33,397.22 1 0
github.com/floatpane/matcha/config/encryption.go:397.22,399.5 1 0
github.com/floatpane/matcha/config/encryption.go:404.2,405.52 2 0
github.com/floatpane/matcha/config/encryption.go:405.52,406.33 1 0
github.com/floatpane/matcha/config/encryption.go:406.33,407.22 1 0
github.com/floatpane/matcha/config/encryption.go:407.22,409.5 1 0
github.com/floatpane/matcha/config/encryption.go:413.2,413.19 1 0
github.com/floatpane/matcha/config/folder_cache.go:25.40,27.16 2 0
github.com/floatpane/matcha/config/folder_cache.go:27.16,29.3 1 0
github.com/floatpane/matcha/config/folder_cache.go:30.2,30.53 1 0
github.com/floatpane/matcha/config/folder_cache.go:34.48,36.16 2 0
github.com/floatpane/matcha/config/folder_cache.go:36.16,38.3 1 0
github.com/floatpane/matcha/config/folder_cache.go:39.2,39.62 1 0
github.com/floatpane/matcha/config/folder_cache.go:39.62,41.3 1 0
github.com/floatpane/matcha/config/folder_cache.go:42.2,44.16 3 0
github.com/floatpane/matcha/config/folder_cache.go:44.16,46.3 1 0
github.com/floatpane/matcha/config/folder_cache.go:47.2,47.42 1 0
github.com/floatpane/matcha/config/folder_cache.go:51.46,53.16 2 0
github.com/floatpane/matcha/config/folder_cache.go:53.16,55.3 1 0
github.com/floatpane/matcha/config/folder_cache.go:56.2,57.16 2 0
github.com/floatpane/matcha/config/folder_cache.go:57.16,59.3 1 0
github.com/floatpane/matcha/config/folder_cache.go:60.2,61.53 2 0
github.com/floatpane/matcha/config/folder_cache.go:61.53,63.3 1 0
github.com/floatpane/matcha/config/folder_cache.go:64.2,64.20 1 0
github.com/floatpane/matcha/config/folder_cache.go:68.50,70.16 2 0
github.com/floatpane/matcha/config/folder_cache.go:70.16,72.3 1 0
github.com/floatpane/matcha/config/folder_cache.go:73.2,73.37 1 0
github.com/floatpane/matcha/config/folder_cache.go:73.37,74.33 1 0
github.com/floatpane/matcha/config/folder_cache.go:74.33,76.4 1 0
github.com/floatpane/matcha/config/folder_cache.go:78.2,78.12 1 0
github.com/floatpane/matcha/config/folder_cache.go:82.67,84.16 2 0
github.com/floatpane/matcha/config/folder_cache.go:84.16,86.3 1 0
github.com/floatpane/matcha/config/folder_cache.go:88.2,89.37 2 0
github.com/floatpane/matcha/config/folder_cache.go:89.37,90.33 1 0
[...]
github.com/floatpane/matcha/tui/settings.go:259.31,261.24 2 0
github.com/floatpane/matcha/tui/settings.go:261.24,262.32 1 0
github.com/floatpane/matcha/tui/settings.go:262.32,264.5 1 0
github.com/floatpane/matcha/tui/settings.go:264.10,266.5 1 0
github.com/floatpane/matcha/tui/settings.go:269.3,270.24 2 0
github.com/floatpane/matcha/tui/settings.go:270.24,272.4 1 0
github.com/floatpane/matcha/tui/settings.go:274.3,274.50 1 0
github.com/floatpane/matcha/tui/settings.go:277.2,286.26 3 0
github.com/floatpane/matcha/tui/settings.go:287.23,288.26 1 0
github.com/floatpane/matcha/tui/settings.go:289.24,290.27 1 0
github.com/floatpane/matcha/tui/settings.go:291.21,292.24 1 0
github.com/floatpane/matcha/tui/settings.go:293.28,294.31 1 0
github.com/floatpane/matcha/tui/settings.go:295.26,296.29 1 0
github.com/floatpane/matcha/tui/settings.go:299.2,307.30 4 0
github.com/floatpane/matcha/tui/settings.go:307.30,309.3 1 0
github.com/floatpane/matcha/tui/settings.go:310.2,312.18 2 0
github.com/floatpane/matcha/tui/settings.go:312.18,315.14 3 0
github.com/floatpane/matcha/tui/settings.go:315.14,317.4 1 0
github.com/floatpane/matcha/tui/settings.go:318.8,320.3 1 0
github.com/floatpane/matcha/tui/settings.go:322.2,322.57 1 0
github.com/floatpane/matcha/tui/settings.go:325.53,327.83 2 0
github.com/floatpane/matcha/tui/settings.go:327.83,329.3 1 0
github.com/floatpane/matcha/tui/settings_accounts.go:12.77,13.22 1 0
github.com/floatpane/matcha/tui/settings_accounts.go:13.22,18.3 4 0
github.com/floatpane/matcha/tui/settings_accounts.go:20.2,20.24 1 0
github.com/floatpane/matcha/tui/settings_accounts.go:20.24,21.23 1 0
github.com/floatpane/matcha/tui/settings_accounts.go:22.17,23.46 1 0
github.com/floatpane/matcha/tui/settings_accounts.go:23.46,26.30 3 0
github.com/floatpane/matcha/tui/settings_accounts.go:26.30,28.6 1 0
github.com/floatpane/matcha/tui/settings_accounts.go:30.24,32.17 2 0
github.com/floatpane/matcha/tui/settings_accounts.go:34.3,34.16 1 0
github.com/floatpane/matcha/tui/settings_accounts.go:37.2,37.22 1 0
github.com/floatpane/matcha/tui/settings_accounts.go:38.17,39.27 1 0
github.com/floatpane/matcha/tui/settings_accounts.go:39.27,41.4 1 0
github.com/floatpane/matcha/tui/settings_accounts.go:42.19,43.45 1 0
github.com/floatpane/matcha/tui/settings_accounts.go:43.45,45.4 1 0
github.com/floatpane/matcha/tui/settings_accounts.go:46.11,47.72 1 0
github.com/floatpane/matcha/tui/settings_accounts.go:47.72,49.4 1 0
github.com/floatpane/matcha/tui/settings_accounts.go:50.11,51.45 1 0
github.com/floatpane/matcha/tui/settings_accounts.go:51.45,53.29 2 0
github.com/floatpane/matcha/tui/settings_accounts.go:53.29,71.5 1 0
github.com/floatpane/matcha/tui/settings_accounts.go:73.11,74.45 1 0
github.com/floatpane/matcha/tui/settings_accounts.go:74.45,77.4 2 0
github.com/floatpane/matcha/tui/settings_accounts.go:78.15,79.46 1 0
github.com/floatpane/matcha/tui/settings_accounts.go:79.46,80.29 1 0
github.com/floatpane/matcha/tui/settings_accounts.go:80.29,80.59 1 0
github.com/floatpane/matcha/tui/settings_accounts.go:81.9,81.52 1 0
github.com/floatpane/matcha/tui/settings_accounts.go:81.52,84.4 2 0
github.com/floatpane/matcha/tui/settings_accounts.go:86.2,86.15 1 0
github.com/floatpane/matcha/tui/settings_accounts.go:89.40,98.28 8 0
github.com/floatpane/matcha/tui/settings_accounts.go:98.28,100.3 1 0
github.com/floatpane/matcha/tui/settings_accounts.go:100.8,102.3 1 0
github.com/floatpane/matcha/tui/settings_accounts.go:103.2,110.22 7 0
github.com/floatpane/matcha/tui/settings_accounts.go:113.42,114.22 1 0
github.com/floatpane/matcha/tui/settings_accounts.go:114.22,116.3 1 0
github.com/floatpane/matcha/tui/settings_accounts.go:118.2,121.30 3 0
github.com/floatpane/matcha/tui/settings_accounts.go:121.30,123.3 1 0
github.com/floatpane/matcha/tui/settings_accounts.go:125.2,125.41 1 0
github.com/floatpane/matcha/tui/settings_accounts.go:125.41,127.25 2 0
github.com/floatpane/matcha/tui/settings_accounts.go:127.25,129.4 1 0
github.com/floatpane/matcha/tui/settings_accounts.go:131.3,132.42 2 0
github.com/floatpane/matcha/tui/settings_accounts.go:132.42,134.4 1 0
github.com/floatpane/matcha/tui/settings_accounts.go:136.3,136.56 1 0
github.com/floatpane/matcha/tui/settings_accounts.go:136.56,138.4 1 0
github.com/floatpane/matcha/tui/settings_accounts.go:139.3,139.64 1 0
github.com/floatpane/matcha/tui/settings_accounts.go:139.64,141.4 1 0
github.com/floatpane/matcha/tui/settings_accounts.go:143.3,147.28 4 0
github.com/floatpane/matcha/tui/settings_accounts.go:147.28,150.4 2 0
github.com/floatpane/matcha/tui/settings_accounts.go:152.3,152.50 1 0
github.com/floatpane/matcha/tui/settings_accounts.go:156.2,158.45 3 0
github.com/floatpane/matcha/tui/settings_accounts.go:158.45,161.3 2 0
github.com/floatpane/matcha/tui/settings_accounts.go:162.2,166.24 3 0
github.com/floatpane/matcha/tui/settings_accounts.go:166.24,178.3 3 0
github.com/floatpane/matcha/tui/settings_accounts.go:180.2,180.19 1 0
github.com/floatpane/matcha/tui/settings_crypto.go:13.80,20.37 5 0
github.com/floatpane/matcha/tui/settings_crypto.go:20.37,28.29 7 0
github.com/floatpane/matcha/tui/settings_crypto.go:29.10,30.35 1 0
github.com/floatpane/matcha/tui/settings_crypto.go:31.10,32.34 1 0
github.com/floatpane/matcha/tui/settings_crypto.go:33.10,34.38 1 0
github.com/floatpane/matcha/tui/settings_crypto.go:35.10,36.39 1 0
github.com/floatpane/matcha/tui/settings_crypto.go:37.10,38.32 1 0
github.com/floatpane/matcha/tui/settings_crypto.go:40.3,40.13 1 0
github.com/floatpane/matcha/tui/settings_crypto.go:43.2,43.22 1 0
github.com/floatpane/matcha/tui/settings_crypto.go:44.13,46.16 2 0
github.com/floatpane/matcha/tui/settings_crypto.go:47.40,48.58 1 0
github.com/floatpane/matcha/tui/settings_crypto.go:48.58,50.30 2 0
github.com/floatpane/matcha/tui/settings_crypto.go:50.30,52.5 1 0
github.com/floatpane/matcha/tui/settings_crypto.go:53.9,55.49 2 0
github.com/floatpane/matcha/tui/settings_crypto.go:55.49,57.5 1 0
github.com/floatpane/matcha/tui/settings_crypto.go:59.3,59.61 1 0
github.com/floatpane/matcha/tui/settings_crypto.go:59.61,60.59 1 0
github.com/floatpane/matcha/tui/settings_crypto.go:60.59,62.5 1 0
github.com/floatpane/matcha/tui/settings_crypto.go:62.10,64.5 1 0
github.com/floatpane/matcha/tui/settings_crypto.go:66.3,67.31 2 0
github.com/floatpane/matcha/tui/settings_crypto.go:70.2,70.13 1 0
github.com/floatpane/matcha/tui/settings_crypto.go:70.13,71.29 1 0
github.com/floatpane/matcha/tui/settings_crypto.go:72.10,81.17 9 0
github.com/floatpane/matcha/tui/settings_crypto.go:82.10,84.17 2 0
github.com/floatpane/matcha/tui/settings_crypto.go:85.11,88.48 2 0
github.com/floatpane/matcha/tui/settings_crypto.go:88.48,90.5 1 0
github.com/floatpane/matcha/tui/settings_crypto.go:91.4,92.32 2 0
github.com/floatpane/matcha/tui/settings_crypto.go:96.2,96.13 1 0
github.com/floatpane/matcha/tui/settings_crypto.go:96.13,97.29 1 0
github.com/floatpane/matcha/tui/settings_crypto.go:98.10,100.17 2 0
github.com/floatpane/matcha/tui/settings_crypto.go:101.10,102.32 1 0
github.com/floatpane/matcha/tui/settings_crypto.go:102.32,104.5 1 0
github.com/floatpane/matcha/tui/settings_crypto.go:104.10,106.5 1 0
github.com/floatpane/matcha/tui/settings_crypto.go:107.4,107.17 1 0
github.com/floatpane/matcha/tui/settings_crypto.go:108.10,110.17 2 0
github.com/floatpane/matcha/tui/settings_crypto.go:114.2,114.30 1 0
github.com/floatpane/matcha/tui/settings_crypto.go:117.45,122.56 4 0
github.com/floatpane/matcha/tui/settings_crypto.go:122.56,123.34 1 0
github.com/floatpane/matcha/tui/settings_crypto.go:123.34,125.4 1 0
github.com/floatpane/matcha/tui/settings_crypto.go:125.9,127.4 1 0
github.com/floatpane/matcha/tui/settings_crypto.go:128.3,128.34 1 0
github.com/floatpane/matcha/tui/settings_crypto.go:132.2,136.32 5 0
github.com/floatpane/matcha/tui/settings_crypto.go:136.32,138.3 1 0
github.com/floatpane/matcha/tui/settings_crypto.go:139.2,147.33 6 0
github.com/floatpane/matcha/tui/settings_crypto.go:147.33,149.3 1 0
github.com/floatpane/matcha/tui/settings_crypto.go:150.2,152.33 2 0
github.com/floatpane/matcha/tui/settings_crypto.go:152.33,154.3 1 0
github.com/floatpane/matcha/tui/settings_crypto.go:156.2,157.30 2 0
github.com/floatpane/matcha/tui/settings_crypto.go:157.30,159.3 1 0
github.com/floatpane/matcha/tui/settings_crypto.go:160.2,164.29 4 0
github.com/floatpane/matcha/tui/settings_crypto.go:164.29,166.3 1 0
github.com/floatpane/matcha/tui/settings_crypto.go:166.8,168.3 1 0
github.com/floatpane/matcha/tui/settings_crypto.go:169.2,169.29 1 0
github.com/floatpane/matcha/tui/settings_crypto.go:169.29,171.3 1 0
github.com/floatpane/matcha/tui/settings_crypto.go:171.8,173.3 1 0
github.com/floatpane/matcha/tui/settings_crypto.go:175.2,178.19 3 0
github.com/floatpane/matcha/tui/settings_encryption.go:11.79,14.15 2 0
github.com/floatpane/matcha/tui/settings_encryption.go:14.15,15.26 1 0
github.com/floatpane/matcha/tui/settings_encryption.go:15.26,16.24 1 0
github.com/floatpane/matcha/tui/settings_encryption.go:17.18,20.30 3 0
github.com/floatpane/matcha/tui/settings_encryption.go:20.30,23.6 2 0
github.com/floatpane/matcha/tui/settings_encryption.go:24.25,26.18 2 0
github.com/floatpane/matcha/tui/settings_encryption.go:28.4,28.17 1 0
github.com/floatpane/matcha/tui/settings_encryption.go:30.3,30.30 1 0
github.com/floatpane/matcha/tui/settings_encryption.go:30.30,32.4 1 0
github.com/floatpane/matcha/tui/settings_encryption.go:33.3,33.16 1 0
github.com/floatpane/matcha/tui/settings_encryption.go:36.2,36.22 1 0
github.com/floatpane/matcha/tui/settings_encryption.go:37.40,38.58 1 0
github.com/floatpane/matcha/tui/settings_encryption.go:38.58,40.27 2 0
github.com/floatpane/matcha/tui/settings_encryption.go:40.27,42.5 1 0
github.com/floatpane/matcha/tui/settings_encryption.go:43.9,45.27 2 0
github.com/floatpane/matcha/tui/settings_encryption.go:45.27,47.5 1 0
github.com/floatpane/matcha/tui/settings_encryption.go:49.3,52.27 4 0
github.com/floatpane/matcha/tui/settings_encryption.go:52.27,54.4 1 0
github.com/floatpane/matcha/tui/settings_encryption.go:55.3,55.27 1 0
github.com/floatpane/matcha/tui/settings_encryption.go:55.27,57.4 1 0
github.com/floatpane/matcha/tui/settings_encryption.go:58.3,58.31 1 0
github.com/floatpane/matcha/tui/settings_encryption.go:59.15,60.26 1 0
github.com/floatpane/matcha/tui/settings_encryption.go:61.10,64.39 3 0
github.com/floatpane/matcha/tui/settings_encryption.go:65.10,68.17 3 0
github.com/floatpane/matcha/tui/settings_encryption.go:69.10,72.22 3 0
github.com/floatpane/matcha/tui/settings_encryption.go:72.22,75.5 2 0
github.com/floatpane/matcha/tui/settings_encryption.go:76.4,76.27 1 0
github.com/floatpane/matcha/tui/settings_encryption.go:76.27,79.5 2 0
github.com/floatpane/matcha/tui/settings_encryption.go:80.4,83.29 4 0
github.com/floatpane/matcha/tui/settings_encryption.go:83.29,86.5 2 0
github.com/floatpane/matcha/tui/settings_encryption.go:89.2,89.15 1 0
github.com/floatpane/matcha/tui/settings_encryption.go:92.44,98.15 4 0
github.com/floatpane/matcha/tui/settings_encryption.go:98.15,99.26 1 0
github.com/floatpane/matcha/tui/settings_encryption.go:99.26,108.4 2 0
github.com/floatpane/matcha/tui/settings_encryption.go:108.9,112.4 3 0
github.com/floatpane/matcha/tui/settings_encryption.go:113.8,116.27 2 0
github.com/floatpane/matcha/tui/settings_encryption.go:116.27,118.4 1 0
github.com/floatpane/matcha/tui/settings_encryption.go:118.9,120.4 1 0
github.com/floatpane/matcha/tui/settings_encryption.go:121.3,123.27 2 0
github.com/floatpane/matcha/tui/settings_encryption.go:123.27,125.4 1 0
github.com/floatpane/matcha/tui/settings_encryption.go:125.9,127.4 1 0
github.com/floatpane/matcha/tui/settings_encryption.go:128.3,131.27 3 0
github.com/floatpane/matcha/tui/settings_encryption.go:131.27,133.4 1 0
github.com/floatpane/matcha/tui/settings_encryption.go:133.9,135.4 1 0
github.com/floatpane/matcha/tui/settings_encryption.go:137.3,137.20 1 0
github.com/floatpane/matcha/tui/settings_encryption.go:137.20,139.4 1 0
github.com/floatpane/matcha/tui/settings_encryption.go:141.3,141.70 1 0
github.com/floatpane/matcha/tui/settings_encryption.go:144.2,144.22 1 0
github.com/floatpane/matcha/tui/settings_encryption.go:144.22,146.3 1 0
github.com/floatpane/matcha/tui/settings_encryption.go:148.2,148.19 1 0
github.com/floatpane/matcha/tui/settings_general.go:11.76,12.22 1 0
github.com/floatpane/matcha/tui/settings_general.go:13.17,14.26 1 0
github.com/floatpane/matcha/tui/settings_general.go:14.26,16.4 1 0
github.com/floatpane/matcha/tui/settings_general.go:17.19,18.26 1 0
github.com/floatpane/matcha/tui/settings_general.go:18.26,20.4 1 0
github.com/floatpane/matcha/tui/settings_general.go:21.38,22.26 1 0
github.com/floatpane/matcha/tui/settings_general.go:23.10,25.32 2 0
github.com/floatpane/matcha/tui/settings_general.go:26.10,28.32 2 0
github.com/floatpane/matcha/tui/settings_general.go:29.10,31.32 2 0
github.com/floatpane/matcha/tui/settings_general.go:32.10,33.28 1 0
github.com/floatpane/matcha/tui/settings_general.go:34.29,35.43 1 0
github.com/floatpane/matcha/tui/settings_general.go:36.29,37.44 1 0
github.com/floatpane/matcha/tui/settings_general.go:38.12,39.43 1 0
github.com/floatpane/matcha/tui/settings_general.go:41.4,41.32 1 0
github.com/floatpane/matcha/tui/settings_general.go:42.10,43.81 1 0
github.com/floatpane/matcha/tui/settings_general.go:43.81,44.30 1 0
github.com/floatpane/matcha/tui/settings_general.go:44.30,44.65 1 0
github.com/floatpane/matcha/tui/settings_general.go:48.2,48.15 1 0
github.com/floatpane/matcha/tui/settings_general.go:51.41,68.30 4 0
github.com/floatpane/matcha/tui/settings_general.go:68.30,71.27 3 0
github.com/floatpane/matcha/tui/settings_general.go:71.27,74.4 2 0
github.com/floatpane/matcha/tui/settings_general.go:76.3,77.31 2 0
github.com/floatpane/matcha/tui/settings_general.go:77.31,79.4 1 0
github.com/floatpane/matcha/tui/settings_general.go:81.3,81.50 1 0
github.com/floatpane/matcha/tui/settings_general.go:84.2,86.55 2 0
github.com/floatpane/matcha/tui/settings_general.go:86.55,88.3 1 0
github.com/floatpane/matcha/tui/settings_general.go:90.2,90.19 1 0
github.com/floatpane/matcha/tui/settings_general.go:93.27,94.7 1 0
github.com/floatpane/matcha/tui/settings_general.go:94.7,96.3 1 0
github.com/floatpane/matcha/tui/settings_general.go:97.2,97.14 1 0
github.com/floatpane/matcha/tui/settings_general.go:100.42,101.13 1 0
github.com/floatpane/matcha/tui/settings_general.go:101.13,103.3 1 0
github.com/floatpane/matcha/tui/settings_general.go:104.2,104.11 1 0
github.com/floatpane/matcha/tui/settings_general.go:105.27,106.36 1 0
github.com/floatpane/matcha/tui/settings_general.go:107.28,108.34 1 0
github.com/floatpane/matcha/tui/settings_general.go:109.10,110.33 1 0
github.com/floatpane/matcha/tui/settings_general.go:114.34,115.27 1 0
github.com/floatpane/matcha/tui/settings_general.go:115.27,117.3 1 0
github.com/floatpane/matcha/tui/settings_general.go:118.2,118.25 1 0
github.com/floatpane/matcha/tui/settings_lists.go:12.81,13.24 1 0
github.com/floatpane/matcha/tui/settings_lists.go:13.24,14.23 1 0
github.com/floatpane/matcha/tui/settings_lists.go:15.17,16.47 1 0
github.com/floatpane/matcha/tui/settings_lists.go:16.47,19.70 3 0
github.com/floatpane/matcha/tui/settings_lists.go:19.70,21.6 1 0
github.com/floatpane/matcha/tui/settings_lists.go:22.5,22.31 1 0
github.com/floatpane/matcha/tui/settings_lists.go:24.24,26.17 2 0
github.com/floatpane/matcha/tui/settings_lists.go:28.3,28.16 1 0
github.com/floatpane/matcha/tui/settings_lists.go:31.2,31.22 1 0
github.com/floatpane/matcha/tui/settings_lists.go:32.17,33.24 1 0
github.com/floatpane/matcha/tui/settings_lists.go:33.24,35.4 1 0
github.com/floatpane/matcha/tui/settings_lists.go:36.19,37.46 1 0
github.com/floatpane/matcha/tui/settings_lists.go:37.46,39.4 1 0
github.com/floatpane/matcha/tui/settings_lists.go:40.11,41.77 1 0
github.com/floatpane/matcha/tui/settings_lists.go:41.77,43.4 1 0
github.com/floatpane/matcha/tui/settings_lists.go:44.11,45.46 1 0
github.com/floatpane/matcha/tui/settings_lists.go:45.46,48.29 3 0
github.com/floatpane/matcha/tui/settings_lists.go:48.29,54.5 1 0
github.com/floatpane/matcha/tui/settings_lists.go:56.15,57.47 1 0
github.com/floatpane/matcha/tui/settings_lists.go:57.47,58.29 1 0
github.com/floatpane/matcha/tui/settings_lists.go:58.29,58.63 1 0
github.com/floatpane/matcha/tui/settings_lists.go:61.2,61.15 1 0
github.com/floatpane/matcha/tui/settings_lists.go:64.46,69.34 3 0
github.com/floatpane/matcha/tui/settings_lists.go:69.34,71.3 1 0
github.com/floatpane/matcha/tui/settings_lists.go:73.2,73.42 1 0
github.com/floatpane/matcha/tui/settings_lists.go:73.42,75.31 2 0
github.com/floatpane/matcha/tui/settings_lists.go:75.31,77.4 1 0
github.com/floatpane/matcha/tui/settings_lists.go:78.3,82.25 4 0
github.com/floatpane/matcha/tui/settings_lists.go:82.25,85.4 2 0
github.com/floatpane/matcha/tui/settings_lists.go:86.3,86.50 1 0
github.com/floatpane/matcha/tui/settings_lists.go:89.2,91.46 3 0
github.com/floatpane/matcha/tui/settings_lists.go:91.46,94.3 2 0
github.com/floatpane/matcha/tui/settings_lists.go:95.2,99.24 3 0
github.com/floatpane/matcha/tui/settings_lists.go:99.24,109.3 3 0
github.com/floatpane/matcha/tui/settings_lists.go:111.2,111.19 1 0
github.com/floatpane/matcha/tui/settings_theme.go:12.74,15.22 2 0
github.com/floatpane/matcha/tui/settings_theme.go:16.17,17.24 1 0
github.com/floatpane/matcha/tui/settings_theme.go:17.24,19.4 1 0
github.com/floatpane/matcha/tui/settings_theme.go:20.19,21.36 1 0
github.com/floatpane/matcha/tui/settings_theme.go:21.36,23.4 1 0
github.com/floatpane/matcha/tui/settings_theme.go:24.38,25.34 1 0
github.com/floatpane/matcha/tui/settings_theme.go:25.34,31.4 5 0
github.com/floatpane/matcha/tui/settings_theme.go:33.2,33.15 1 0
github.com/floatpane/matcha/tui/settings_theme.go:36.39,42.27 4 0
github.com/floatpane/matcha/tui/settings_theme.go:42.27,45.15 3 0
github.com/floatpane/matcha/tui/settings_theme.go:45.15,47.4 1 0
github.com/floatpane/matcha/tui/settings_theme.go:49.3,51.25 3 0
github.com/floatpane/matcha/tui/settings_theme.go:51.25,54.4 2 0
github.com/floatpane/matcha/tui/settings_theme.go:56.3,56.51 1 0
github.com/floatpane/matcha/tui/settings_theme.go:59.2,63.33 3 0
github.com/floatpane/matcha/tui/settings_theme.go:63.33,65.3 1 0
github.com/floatpane/matcha/tui/settings_theme.go:65.8,67.3 1 0
github.com/floatpane/matcha/tui/settings_theme.go:69.2,70.23 2 0
github.com/floatpane/matcha/tui/settings_theme.go:70.23,72.3 1 0
github.com/floatpane/matcha/tui/settings_theme.go:74.2,76.21 2 0
github.com/floatpane/matcha/tui/settings_theme.go:76.21,78.3 1 0
github.com/floatpane/matcha/tui/settings_theme.go:80.2,82.19 2 0
github.com/floatpane/matcha/tui/settings_theme.go:86.65,87.23 1 0
github.com/floatpane/matcha/tui/settings_theme.go:87.23,89.3 1 0
github.com/floatpane/matcha/tui/settings_theme.go:91.2,130.12 28 0
github.com/floatpane/matcha/tui/signature.go:18.44,26.65 6 0
github.com/floatpane/matcha/tui/signature.go:26.65,28.3 1 0
github.com/floatpane/matcha/tui/signature.go:30.2,32.3 1 0
github.com/floatpane/matcha/tui/signature.go:36.42,38.2 1 0
github.com/floatpane/matcha/tui/signature.go:41.68,44.27 2 0
github.com/floatpane/matcha/tui/signature.go:45.25,50.16 5 0
github.com/floatpane/matcha/tui/signature.go:52.23,53.23 1 0
github.com/floatpane/matcha/tui/signature.go:54.17,55.22 1 0
github.com/floatpane/matcha/tui/signature.go:56.14,60.29 3 0
github.com/floatpane/matcha/tui/signature.go:60.29,60.57 1 0
github.com/floatpane/matcha/tui/signature.go:64.2,65.15 2 0
github.com/floatpane/matcha/tui/signature.go:69.43,81.2 3 0
github.com/floatpane/matcha/tui/styles.go:58.35,63.2 4 0
github.com/floatpane/matcha/tui/styles.go:65.32,65.57 1 0
github.com/floatpane/matcha/tui/styles.go:67.58,71.2 3 0
github.com/floatpane/matcha/tui/styles.go:73.33,80.2 4 0
github.com/floatpane/matcha/tui/theme.go:13.22,120.2 51 0
github.com/floatpane/matcha/tui/theme.go:123.47,144.2 2 1
github.com/floatpane/matcha/tui/theme.go:147.45,176.2 2 1
